This is XeTeX, Version 3.14159265-2.6-0.99992 (TeX Live 2015) (preloaded format=xelatex 2015.5.24)  4 SEP 2015 17:45
entering extended mode
 restricted \write18 enabled.
 file:line:error style messages enabled.
 %&-line parsing enabled.
**dissertation.tex
(./dissertation.tex
LaTeX2e <2015/01/01>
Babel <3.9l> and hyphenation patterns for 79 languages loaded.
(./Dissertate.cls
Document Class: Dissertate 2014/01/24 v1.0 Dissertate Class
(/usr/local/texlive/2015/texmf-dist/tex/latex/base/book.cls
Document Class: book 2014/09/29 v1.4h Standard LaTeX document class
(/usr/local/texlive/2015/texmf-dist/tex/latex/base/bk12.clo
File: bk12.clo 2014/09/29 v1.4h Standard LaTeX file (size option)
)
\c@part=\count79
\c@chapter=\count80
\c@section=\count81
\c@subsection=\count82
\c@subsubsection=\count83
\c@paragraph=\count84
\c@subparagraph=\count85
\c@figure=\count86
\c@table=\count87
\abovecaptionskip=\skip41
\belowcaptionskip=\skip42
\bibindent=\dimen102
)
(/usr/local/texlive/2015/texmf-dist/tex/latex/graphics/color.sty
Package: color 2014/10/28 v1.1a Standard LaTeX Color (DPC)

(/usr/local/texlive/2015/texmf-dist/tex/latex/latexconfig/color.cfg
File: color.cfg 2007/01/18 v1.5 color configuration of teTeX/TeXLive
)
Package color Info: Driver file: xetex.def on input line 142.

(/usr/local/texlive/2015/texmf-dist/tex/xelatex/xetex-def/xetex.def
File: xetex.def 2015/03/25 v4.04 LaTeX color/graphics driver for XeTeX (TeX Liv
e/RRM/JK)
))
(/usr/local/texlive/2015/texmf-dist/tex/latex/hyperref/hyperref.sty
Package: hyperref 2012/11/06 v6.83m Hypertext links for LaTeX

(/usr/local/texlive/2015/texmf-dist/tex/generic/oberdiek/hobsub-hyperref.sty
Package: hobsub-hyperref 2012/05/28 v1.13 Bundle oberdiek, subset hyperref (HO)


(/usr/local/texlive/2015/texmf-dist/tex/generic/oberdiek/hobsub-generic.sty
Package: hobsub-generic 2012/05/28 v1.13 Bundle oberdiek, subset generic (HO)
Package: hobsub 2012/05/28 v1.13 Construct package bundles (HO)
Package: infwarerr 2010/04/08 v1.3 Providing info/warning/error messages (HO)
Package: ltxcmds 2011/11/09 v1.22 LaTeX kernel commands for general use (HO)
Package: ifluatex 2010/03/01 v1.3 Provides the ifluatex switch (HO)
Package ifluatex Info: LuaTeX not detected.
Package: ifvtex 2010/03/01 v1.5 Detect VTeX and its facilities (HO)
Package ifvtex Info: VTeX not detected.
Package: intcalc 2007/09/27 v1.1 Expandable calculations with integers (HO)
Package: ifpdf 2011/01/30 v2.3 Provides the ifpdf switch (HO)
Package ifpdf Info: pdfTeX in PDF mode is not detected.
Package: etexcmds 2011/02/16 v1.5 Avoid name clashes with e-TeX commands (HO)
Package etexcmds Info: Could not find \expanded.
(etexcmds)             That can mean that you are not using pdfTeX 1.50 or
(etexcmds)             that some package has redefined \expanded.
(etexcmds)             In the latter case, load this package earlier.
Package: kvsetkeys 2012/04/25 v1.16 Key value parser (HO)
Package: kvdefinekeys 2011/04/07 v1.3 Define keys (HO)
Package: pdftexcmds 2011/11/29 v0.20 Utility functions of pdfTeX for LuaTeX (HO
)
Package pdftexcmds Info: LuaTeX not detected.
Package pdftexcmds Info: pdfTeX >= 1.30 not detected.
Package pdftexcmds Info: \pdf@primitive is available.
Package pdftexcmds Info: \pdf@ifprimitive is available.
Package pdftexcmds Info: \pdfdraftmode not found.
Package: pdfescape 2011/11/25 v1.13 Implements pdfTeX's escape features (HO)
Package: bigintcalc 2012/04/08 v1.3 Expandable calculations on big integers (HO
)
Package: bitset 2011/01/30 v1.1 Handle bit-vector datatype (HO)
Package: uniquecounter 2011/01/30 v1.2 Provide unlimited unique counter (HO)
)
Package hobsub Info: Skipping package `hobsub' (already loaded).
Package: letltxmacro 2010/09/02 v1.4 Let assignment for LaTeX macros (HO)
Package: hopatch 2012/05/28 v1.2 Wrapper for package hooks (HO)
Package: xcolor-patch 2011/01/30 xcolor patch
Package: atveryend 2011/06/30 v1.8 Hooks at the very end of document (HO)
Package atveryend Info: \enddocument detected (standard20110627).
Package: atbegshi 2011/10/05 v1.16 At begin shipout hook (HO)
Package: refcount 2011/10/16 v3.4 Data extraction from label references (HO)
Package: hycolor 2011/01/30 v1.7 Color options for hyperref/bookmark (HO)
)
(/usr/local/texlive/2015/texmf-dist/tex/latex/graphics/keyval.sty
Package: keyval 2014/10/28 v1.15 key=value parser (DPC)
\KV@toks@=\toks14
)
(/usr/local/texlive/2015/texmf-dist/tex/generic/ifxetex/ifxetex.sty
Package: ifxetex 2010/09/12 v0.6 Provides ifxetex conditional
)
(/usr/local/texlive/2015/texmf-dist/tex/latex/oberdiek/auxhook.sty
Package: auxhook 2011/03/04 v1.3 Hooks for auxiliary files (HO)
)
(/usr/local/texlive/2015/texmf-dist/tex/latex/oberdiek/kvoptions.sty
Package: kvoptions 2011/06/30 v3.11 Key value format for package options (HO)
)
\@linkdim=\dimen103
\Hy@linkcounter=\count88
\Hy@pagecounter=\count89

(/usr/local/texlive/2015/texmf-dist/tex/latex/hyperref/pd1enc.def
File: pd1enc.def 2012/11/06 v6.83m Hyperref: PDFDocEncoding definition (HO)
)
\Hy@SavedSpaceFactor=\count90

(/usr/local/texlive/2015/texmf-dist/tex/latex/latexconfig/hyperref.cfg
File: hyperref.cfg 2002/06/06 v1.2 hyperref configuration of TeXLive
)
Package hyperref Info: Hyper figures OFF on input line 4443.
Package hyperref Info: Link nesting OFF on input line 4448.
Package hyperref Info: Hyper index ON on input line 4451.
Package hyperref Info: Plain pages OFF on input line 4458.
Package hyperref Info: Backreferencing OFF on input line 4463.
Package hyperref Info: Implicit mode ON; LaTeX internals redefined.
Package hyperref Info: Bookmarks ON on input line 4688.
\c@Hy@tempcnt=\count91

(/usr/local/texlive/2015/texmf-dist/tex/latex/url/url.sty
\Urlmuskip=\muskip10
Package: url 2013/09/16  ver 3.4  Verb mode for urls, etc.
)
LaTeX Info: Redefining \url on input line 5041.
\XeTeXLinkMargin=\dimen104
\Fld@menulength=\count92
\Field@Width=\dimen105
\Fld@charsize=\dimen106
Package hyperref Info: Hyper figures OFF on input line 6295.
Package hyperref Info: Link nesting OFF on input line 6300.
Package hyperref Info: Hyper index ON on input line 6303.
Package hyperref Info: backreferencing OFF on input line 6310.
Package hyperref Info: Link coloring OFF on input line 6315.
Package hyperref Info: Link coloring with OCG OFF on input line 6320.
Package hyperref Info: PDF/A mode OFF on input line 6325.
LaTeX Info: Redefining \ref on input line 6365.
LaTeX Info: Redefining \pageref on input line 6369.
\Hy@abspage=\count93
\c@Item=\count94
\c@Hfootnote=\count95
)

Package hyperref Message: Driver (autodetected): hxetex.

(/usr/local/texlive/2015/texmf-dist/tex/latex/hyperref/hxetex.def
File: hxetex.def 2012/11/06 v6.83m Hyperref driver for XeTeX

(/usr/local/texlive/2015/texmf-dist/tex/latex/hyperref/puenc.def
File: puenc.def 2012/11/06 v6.83m Hyperref: PDF Unicode definition (HO)
)
(/usr/local/texlive/2015/texmf-dist/tex/generic/oberdiek/stringenc.sty
Package: stringenc 2011/12/02 v1.10 Convert strings between diff. encodings (HO
)
)
\pdfm@box=\box26
\c@Hy@AnnotLevel=\count96
\HyField@AnnotCount=\count97
\Fld@listcount=\count98
\c@bookmark@seq@number=\count99

(/usr/local/texlive/2015/texmf-dist/tex/latex/oberdiek/rerunfilecheck.sty
Package: rerunfilecheck 2011/04/15 v1.7 Rerun checks for auxiliary files (HO)
Package rerunfilecheck Info: Feature \pdfmdfivesum is not available
(rerunfilecheck)             (e.g. pdfTeX or LuaTeX with package `pdftexcmds').

(rerunfilecheck)             Therefore file contents cannot be checked efficien
tly
(rerunfilecheck)             and the loading of the package is aborted.
)
\Hy@SectionHShift=\skip43
)
(/usr/local/texlive/2015/texmf-dist/tex/latex/titlesec/titlesec.sty
Package: titlesec 2011/12/15 v2.10.0 Sectioning titles
\ttl@box=\box27
\beforetitleunit=\skip44
\aftertitleunit=\skip45
\ttl@plus=\dimen107
\ttl@minus=\dimen108
\ttl@toksa=\toks15
\titlewidth=\dimen109
\titlewidthlast=\dimen110
\titlewidthfirst=\dimen111
)
(/usr/local/texlive/2015/texmf-dist/tex/latex/titling/titling.sty
Package: titling 2009/09/04 v2.1d maketitle typesetting
\thanksmarkwidth=\skip46
\thanksmargin=\skip47
\droptitle=\skip48
)
(/usr/local/texlive/2015/texmf-dist/tex/latex/quotchap/quotchap.sty
Package: quotchap 2012/10/20 v1.1 Decorative Chapter Headings with Quotes
\@quotebox=\box28
)
(./packages/UCSB/style.sty
Package: packages/UCSB/style 
Package color Info: Redefining color chaptergrey on input line 10.
Package hyperref Info: Option `colorlinks' set `true' on input line 18.
)
(/usr/local/texlive/2015/texmf-dist/tex/latex/graphics/graphicx.sty
Package: graphicx 2014/10/28 v1.0g Enhanced LaTeX Graphics (DPC,SPQR)

(/usr/local/texlive/2015/texmf-dist/tex/latex/graphics/graphics.sty
Package: graphics 2014/10/28 v1.0p Standard LaTeX Graphics (DPC,SPQR)

(/usr/local/texlive/2015/texmf-dist/tex/latex/graphics/trig.sty
Package: trig 1999/03/16 v1.09 sin cos tan (DPC)
)
(/usr/local/texlive/2015/texmf-dist/tex/latex/latexconfig/graphics.cfg
File: graphics.cfg 2010/04/23 v1.9 graphics configuration of TeX Live
)
Package graphics Info: Driver file: xetex.def on input line 94.
)
\Gin@req@height=\dimen112
\Gin@req@width=\dimen113
)
(/usr/local/texlive/2015/texmf-dist/tex/latex/amsfonts/amssymb.sty
Package: amssymb 2013/01/14 v3.01 AMS font symbols

(/usr/local/texlive/2015/texmf-dist/tex/latex/amsfonts/amsfonts.sty
Package: amsfonts 2013/01/14 v3.01 Basic AMSFonts support
\@emptytoks=\toks16
\symAMSa=\mathgroup4
\symAMSb=\mathgroup5
LaTeX Font Info:    Overwriting math alphabet `\mathfrak' in version `bold'
(Font)                  U/euf/m/n --> U/euf/b/n on input line 106.
))
(/usr/local/texlive/2015/texmf-dist/tex/latex/lettrine/lettrine.sty
File: lettrine.sty 2015/08/31 v1.9 (Daniel Flipo)
\c@DefaultLines=\count100
\c@DefaultDepth=\count101
\DefaultFindent=\dimen114
\DefaultNindent=\dimen115
\DefaultSlope=\dimen116
\DiscardVskip=\dimen117
\L@lbox=\box29
\L@tbox=\box30
\c@L@lines=\count102
\c@L@depth=\count103
\L@Pindent=\dimen118
\L@Findent=\dimen119
\L@Nindent=\dimen120
\L@lraise=\dimen121
\L@first=\dimen122
\L@next=\dimen123
\L@slope=\dimen124
\L@height=\dimen125
\L@novskip=\dimen126
\LettrineWidth=\dimen127
\LettrineHeight=\dimen128
\LettrineDepth=\dimen129

Loading lettrine.cfg
(/usr/local/texlive/2015/texmf-dist/tex/latex/lettrine/lettrine.cfg))
(/usr/local/texlive/2015/texmf-dist/tex/latex/natbib/natbib.sty
Package: natbib 2010/09/13 8.31b (PWD, AO)
\bibhang=\skip49
\bibsep=\skip50
LaTeX Info: Redefining \cite on input line 694.
\c@NAT@ctr=\count104
)
(/usr/local/texlive/2015/texmf-dist/tex/latex/geometry/geometry.sty
Package: geometry 2010/09/12 v5.6 Page Geometry
\Gm@cnth=\count105
\Gm@cntv=\count106
\c@Gm@tempcnt=\count107
\Gm@bindingoffset=\dimen130
\Gm@wd@mp=\dimen131
\Gm@odd@mp=\dimen132
\Gm@even@mp=\dimen133
\Gm@layoutwidth=\dimen134
\Gm@layoutheight=\dimen135
\Gm@layouthoffset=\dimen136
\Gm@layoutvoffset=\dimen137
\Gm@dimlist=\toks17
)
(/usr/local/texlive/2015/texmf-dist/tex/latex/fancyhdr/fancyhdr.sty
\fancy@headwidth=\skip51
\f@ncyO@elh=\skip52
\f@ncyO@erh=\skip53
\f@ncyO@olh=\skip54
\f@ncyO@orh=\skip55
\f@ncyO@elf=\skip56
\f@ncyO@erf=\skip57
\f@ncyO@olf=\skip58
\f@ncyO@orf=\skip59
)
(/usr/local/texlive/2015/texmf-dist/tex/latex/listings/listings.sty
\lst@mode=\count108
\lst@gtempboxa=\box31
\lst@token=\toks18
\lst@length=\count109
\lst@currlwidth=\dimen138
\lst@column=\count110
\lst@pos=\count111
\lst@lostspace=\dimen139
\lst@width=\dimen140
\lst@newlines=\count112
\lst@lineno=\count113
\lst@maxwidth=\dimen141

(/usr/local/texlive/2015/texmf-dist/tex/latex/listings/lstmisc.sty
File: lstmisc.sty 2015/06/04 1.6 (Carsten Heinz)
\c@lstnumber=\count114
\lst@skipnumbers=\count115
\lst@framebox=\box32
)
(/usr/local/texlive/2015/texmf-dist/tex/latex/listings/listings.cfg
File: listings.cfg 2015/06/04 1.6 listings configuration
))
Package: listings 2015/06/04 1.6 (Carsten Heinz)

(/usr/local/texlive/2015/texmf-dist/tex/latex/algorithms/algorithm.sty
Invalid UTF-8 byte or sequence at line 11 replaced by U+FFFD.
Package: algorithm 2009/08/24 v0.1 Document Style `algorithm' - floating enviro
nment

(/usr/local/texlive/2015/texmf-dist/tex/latex/float/float.sty
Package: float 2001/11/08 v1.3d Float enhancements (AL)
\c@float@type=\count116
\float@exts=\toks19
\float@box=\box33
\@float@everytoks=\toks20
\@floatcapt=\box34
)
(/usr/local/texlive/2015/texmf-dist/tex/latex/base/ifthen.sty
Package: ifthen 2014/09/29 v1.1c Standard LaTeX ifthen package (DPC)
)
\@float@every@algorithm=\toks21
\c@algorithm=\count117
)
(/usr/local/texlive/2015/texmf-dist/tex/latex/amsmath/amsmath.sty
Package: amsmath 2013/01/14 v2.14 AMS math features
\@mathmargin=\skip60

For additional information on amsmath, use the `?' option.
(/usr/local/texlive/2015/texmf-dist/tex/latex/amsmath/amstext.sty
Package: amstext 2000/06/29 v2.01

(/usr/local/texlive/2015/texmf-dist/tex/latex/amsmath/amsgen.sty
File: amsgen.sty 1999/11/30 v2.0
\@emptytoks=\toks22
\ex@=\dimen142
))
(/usr/local/texlive/2015/texmf-dist/tex/latex/amsmath/amsbsy.sty
Package: amsbsy 1999/11/29 v1.2d
\pmbraise@=\dimen143
)
(/usr/local/texlive/2015/texmf-dist/tex/latex/amsmath/amsopn.sty
Package: amsopn 1999/12/14 v2.01 operator names
)
\inf@bad=\count118
LaTeX Info: Redefining \frac on input line 210.
\uproot@=\count119
\leftroot@=\count120
LaTeX Info: Redefining \overline on input line 306.
\classnum@=\count121
\DOTSCASE@=\count122
LaTeX Info: Redefining \ldots on input line 378.
LaTeX Info: Redefining \dots on input line 381.
LaTeX Info: Redefining \cdots on input line 466.
\Mathstrutbox@=\box35
\strutbox@=\box36
\big@size=\dimen144
LaTeX Font Info:    Redeclaring font encoding OML on input line 566.
LaTeX Font Info:    Redeclaring font encoding OMS on input line 567.
\macc@depth=\count123
\c@MaxMatrixCols=\count124
\dotsspace@=\muskip11
\c@parentequation=\count125
\dspbrk@lvl=\count126
\tag@help=\toks23
\row@=\count127
\column@=\count128
\maxfields@=\count129
\andhelp@=\toks24
\eqnshift@=\dimen145
\alignsep@=\dimen146
\tagshift@=\dimen147
\tagwidth@=\dimen148
\totwidth@=\dimen149
\lineht@=\dimen150
\@envbody=\toks25
\multlinegap=\skip61
\multlinetaggap=\skip62
\mathdisplay@stack=\toks26
LaTeX Info: Redefining \[ on input line 2665.
LaTeX Info: Redefining \] on input line 2666.
)
(/usr/local/texlive/2015/texmf-dist/tex/generic/dirtree/dirtree.sty
Package: dirtree 2012/12/11 v0.32 package wrapper for dirtree

(/usr/local/texlive/2015/texmf-dist/tex/generic/dirtree/dirtree.tex
`dirtree' v0.32, 2012/12/11 (jcc)
\DT@offset=\dimen151
\DT@width=\dimen152
\DT@sep=\dimen153
\DT@all=\dimen154
\DT@rulewidth=\dimen155
\DT@dotwidth=\dimen156
\DTbaselineskip=\dimen157
\DT@counti=\count130
\DT@countii=\count131
\DT@countiii=\count132
\DT@countiv=\count133
\DT@indent=\dimen158
\DT@parskip=\dimen159
\DT@baselineskip=\dimen160
)
File: dirtree.tex 2012/12/11 v0.32 `dirtree' (jcc)
)
(/usr/local/texlive/2015/texmf-dist/tex/latex/algorithmicx/algpseudocode.sty
Package: algpseudocode 

(/usr/local/texlive/2015/texmf-dist/tex/latex/algorithmicx/algorithmicx.sty
Package: algorithmicx 2005/04/27 v1.2 Algorithmicx

Document Style algorithmicx 1.2 - a greatly improved `algorithmic' style
\c@ALG@line=\count134
\c@ALG@rem=\count135
\c@ALG@nested=\count136
\ALG@tlm=\skip63
\ALG@thistlm=\skip64
\c@ALG@Lnr=\count137
\c@ALG@blocknr=\count138
\c@ALG@storecount=\count139
\c@ALG@tmpcounter=\count140
\ALG@tmplength=\skip65
)
Document Style - pseudocode environments for use with the `algorithmicx' style
) (/usr/local/texlive/2015/texmf-dist/tex/latex/csquotes/csquotes.sty
Package: csquotes 2015/07/18 v5.1f context-sensitive quotations (JAW)

(/usr/local/texlive/2015/texmf-dist/tex/latex/etoolbox/etoolbox.sty
Package: etoolbox 2015/08/02 v2.2a e-TeX tools for LaTeX (JAW)
\etb@tempcnta=\count141
)
\csq@reset=\count142
\csq@gtype=\count143
\csq@glevel=\count144
\csq@qlevel=\count145
\csq@maxlvl=\count146
\csq@tshold=\count147
\csq@ltx@everypar=\toks27

(/usr/local/texlive/2015/texmf-dist/tex/latex/csquotes/csquotes.def
File: csquotes.def 2015/07/18 v5.1f csquotes generic definitions (JAW)
)
Package csquotes Info: Trying to load configuration file 'csquotes.cfg'...
Package csquotes Info: ... configuration file loaded successfully.

(/usr/local/texlive/2015/texmf-dist/tex/latex/csquotes/csquotes.cfg
File: csquotes.cfg 
))
(/usr/local/texlive/2015/texmf-dist/tex/latex/appendix/appendix.sty
Package: appendix 2009/09/02 v1.2b extra appendix facilities
\c@@pps=\count148
\c@@ppsavesec=\count149
\c@@ppsaveapp=\count150
)
(/usr/local/texlive/2015/texmf-dist/tex/latex/setspace/setspace.sty
Package: setspace 2011/12/19 v6.7a set line spacing
)
(/usr/local/texlive/2015/texmf-dist/tex/latex/booktabs/booktabs.sty
Package: booktabs 2005/04/14 v1.61803 publication quality tables
\heavyrulewidth=\dimen161
\lightrulewidth=\dimen162
\cmidrulewidth=\dimen163
\belowrulesep=\dimen164
\belowbottomsep=\dimen165
\aboverulesep=\dimen166
\abovetopsep=\dimen167
\cmidrulesep=\dimen168
\cmidrulekern=\dimen169
\defaultaddspace=\dimen170
\@cmidla=\count151
\@cmidlb=\count152
\@aboverulesep=\dimen171
\@belowrulesep=\dimen172
\@thisruleclass=\count153
\@lastruleclass=\count154
\@thisrulewidth=\dimen173
)
(/usr/local/texlive/2015/texmf-dist/tex/latex/units/units.sty
Package: units 1998/08/04 v0.9b Typesetting units

(/usr/local/texlive/2015/texmf-dist/tex/latex/units/nicefrac.sty
Package: nicefrac 1998/08/04 v0.9b Nice fractions
\L@UnitsRaiseDisplaystyle=\skip66
\L@UnitsRaiseTextstyle=\skip67
\L@UnitsRaiseScriptstyle=\skip68
LaTeX Info: Redefining \nicefrac on input line 131.
))
(/usr/local/texlive/2015/texmf-dist/tex/latex/tools/verbatim.sty
Package: verbatim 2014/10/28 v1.5q LaTeX2e package for verbatim enhancements
\every@verbatim=\toks28
\verbatim@line=\toks29
\verbatim@in@stream=\read1
)
(/usr/local/texlive/2015/texmf-dist/tex/latex/tocloft/tocloft.sty
Package: tocloft 2013/05/02 v2.3f parameterised ToC, etc., typesetting
Package tocloft Info: The document has chapter divisions on input line 44.
\cftparskip=\skip69
\cftbeforetoctitleskip=\skip70
\cftaftertoctitleskip=\skip71
\cftbeforepartskip=\skip72
\cftpartnumwidth=\skip73
\cftpartindent=\skip74
\cftbeforechapskip=\skip75
\cftchapindent=\skip76
\cftchapnumwidth=\skip77
\cftbeforesecskip=\skip78
\cftsecindent=\skip79
\cftsecnumwidth=\skip80
\cftbeforesubsecskip=\skip81
\cftsubsecindent=\skip82
\cftsubsecnumwidth=\skip83
\cftbeforesubsubsecskip=\skip84
\cftsubsubsecindent=\skip85
\cftsubsubsecnumwidth=\skip86
\cftbeforeparaskip=\skip87
\cftparaindent=\skip88
\cftparanumwidth=\skip89
\cftbeforesubparaskip=\skip90
\cftsubparaindent=\skip91
\cftsubparanumwidth=\skip92
\cftbeforeloftitleskip=\skip93
\cftafterloftitleskip=\skip94
\cftbeforefigskip=\skip95
\cftfigindent=\skip96
\cftfignumwidth=\skip97
\c@lofdepth=\count155
\c@lotdepth=\count156
\cftbeforelottitleskip=\skip98
\cftafterlottitleskip=\skip99
\cftbeforetabskip=\skip100
\cfttabindent=\skip101
\cfttabnumwidth=\skip102
)
(/usr/local/texlive/2015/texmf-dist/tex/latex/base/fixltx2e.sty
Package: fixltx2e 2015/06/22 v2.0b fixes to LaTeX (obsolete)


Package fixltx2e Warning: fixltx2e is not required with releases after 2015
(fixltx2e)                All fixes are now in the LaTeX kernel.
(fixltx2e)                See the latexrelease package for details.

) (/usr/local/texlive/2015/texmf-dist/tex/latex/ms/ragged2e.sty
Package: ragged2e 2009/05/21 v2.1 ragged2e Package (MS)

(/usr/local/texlive/2015/texmf-dist/tex/latex/ms/everysel.sty
Package: everysel 2011/10/28 v1.2 EverySelectfont Package (MS)
)
\CenteringLeftskip=\skip103
\RaggedLeftLeftskip=\skip104
\RaggedRightLeftskip=\skip105
\CenteringRightskip=\skip106
\RaggedLeftRightskip=\skip107
\RaggedRightRightskip=\skip108
\CenteringParfillskip=\skip109
\RaggedLeftParfillskip=\skip110
\RaggedRightParfillskip=\skip111
\JustifyingParfillskip=\skip112
\CenteringParindent=\skip113
\RaggedLeftParindent=\skip114
\RaggedRightParindent=\skip115
\JustifyingParindent=\skip116
)
(/usr/local/texlive/2015/texmf-dist/tex/xelatex/mathspec/mathspec.sty
Package: mathspec 2009/09/30 v0.2 LaTeX Package (Mathematics font selection for
 XeLaTeX)

(/usr/local/texlive/2015/texmf-dist/tex/latex/fontspec/fontspec.sty
Package: fontspec 2015/07/22 v2.4d Font selection for XeLaTeX and LuaLaTeX

(/usr/local/texlive/2015/texmf-dist/tex/latex/l3kernel/expl3.sty
Package: expl3 2015/07/30 v5724 L3 programming layer (loader) 

(/usr/local/texlive/2015/texmf-dist/tex/latex/l3kernel/expl3-code.tex
Package: expl3 2015/07/30 v5724 L3 programming layer (code) 
L3 Module: l3bootstrap 2015/07/30 v5721 L3 Bootstrap code
L3 Module: l3names 2015/07/28 v5705 L3 Namespace for primitives
L3 Module: l3basics 2015/01/27 v5500 L3 Basic definitions
L3 Module: l3expan 2014/11/27 v5472 L3 Argument expansion
L3 Module: l3tl 2015/07/14 v5659 L3 Token lists
L3 Module: l3str 2015/07/14 v5659 L3 Strings
L3 Module: l3seq 2015/07/24 v5681 L3 Sequences and stacks
L3 Module: l3int 2015/07/14 v5659 L3 Integers
\c_max_int=\count157
\l_tmpa_int=\count158
\l_tmpb_int=\count159
\g_tmpa_int=\count160
\g_tmpb_int=\count161
L3 Module: l3quark 2015/07/14 v5659 L3 Quarks
L3 Module: l3prg 2015/07/30 v5722 L3 Control structures
\g__prg_map_int=\count162
L3 Module: l3clist 2014/08/23 v5354 L3 Comma separated lists
L3 Module: l3token 2014/09/15 v5422 L3 Experimental token manipulation
L3 Module: l3prop 2014/08/23 v5354 L3 Property lists
L3 Module: l3msg 2015/02/26 v5537 L3 Messages
L3 Module: l3file 2015/07/30 v5714 L3 File and I/O operations
\l_iow_line_count_int=\count163
\l__iow_target_count_int=\count164
\l__iow_current_line_int=\count165
\l__iow_current_word_int=\count166
\l__iow_current_indentation_int=\count167
L3 Module: l3skip 2015/07/14 v5659 L3 Dimensions and skips
\c_zero_dim=\dimen174
\c_max_dim=\dimen175
\l_tmpa_dim=\dimen176
\l_tmpb_dim=\dimen177
\g_tmpa_dim=\dimen178
\g_tmpb_dim=\dimen179
\c_zero_skip=\skip117
\c_max_skip=\skip118
\l_tmpa_skip=\skip119
\l_tmpb_skip=\skip120
\g_tmpa_skip=\skip121
\g_tmpb_skip=\skip122
\c_zero_muskip=\muskip12
\c_max_muskip=\muskip13
\l_tmpa_muskip=\muskip14
\l_tmpb_muskip=\muskip15
\g_tmpa_muskip=\muskip16
\g_tmpb_muskip=\muskip17
L3 Module: l3keys 2015/07/26 v5684 L3 Key-value interfaces
\g__keyval_level_int=\count168
\l_keys_choice_int=\count169
L3 Module: l3fp 2015/07/09 v5652 L3 Floating points
\c__fp_leading_shift_int=\count170
\c__fp_middle_shift_int=\count171
\c__fp_trailing_shift_int=\count172
\c__fp_big_leading_shift_int=\count173
\c__fp_big_middle_shift_int=\count174
\c__fp_big_trailing_shift_int=\count175
\c__fp_Bigg_leading_shift_int=\count176
\c__fp_Bigg_middle_shift_int=\count177
\c__fp_Bigg_trailing_shift_int=\count178
L3 Module: l3box 2014/08/23 v5354 L3 Experimental boxes
\c_empty_box=\box37
\l_tmpa_box=\box38
\l_tmpb_box=\box39
\g_tmpa_box=\box40
\g_tmpb_box=\box41
L3 Module: l3coffins 2014/08/23 v5354 L3 Coffin code layer
\l__coffin_internal_box=\box42
\l__coffin_internal_dim=\dimen180
\l__coffin_offset_x_dim=\dimen181
\l__coffin_offset_y_dim=\dimen182
\l__coffin_x_dim=\dimen183
\l__coffin_y_dim=\dimen184
\l__coffin_x_prime_dim=\dimen185
\l__coffin_y_prime_dim=\dimen186
\c_empty_coffin=\box43
\l__coffin_aligned_coffin=\box44
\l__coffin_aligned_internal_coffin=\box45
\l_tmpa_coffin=\box46
\l_tmpb_coffin=\box47
\l__coffin_display_coffin=\box48
\l__coffin_display_coord_coffin=\box49
\l__coffin_display_pole_coffin=\box50
\l__coffin_display_offset_dim=\dimen187
\l__coffin_display_x_dim=\dimen188
\l__coffin_display_y_dim=\dimen189
L3 Module: l3color 2014/08/23 v5354 L3 Experimental color support
L3 Module: l3candidates 2015/07/22 v5677 L3 Experimental additions to l3kernel
\l__box_top_dim=\dimen190
\l__box_bottom_dim=\dimen191
\l__box_left_dim=\dimen192
\l__box_right_dim=\dimen193
\l__box_top_new_dim=\dimen194
\l__box_bottom_new_dim=\dimen195
\l__box_left_new_dim=\dimen196
\l__box_right_new_dim=\dimen197
\l__box_internal_box=\box51
\l__coffin_bounding_shift_dim=\dimen198
\l__coffin_left_corner_dim=\dimen199
\l__coffin_right_corner_dim=\dimen200
\l__coffin_bottom_corner_dim=\dimen201
\l__coffin_top_corner_dim=\dimen202
\l__coffin_scaled_total_height_dim=\dimen203
\l__coffin_scaled_width_dim=\dimen204
L3 Module: l3luatex 2015/06/30 v5646 L3 Experimental LuaTeX-specific functions
)
(/usr/local/texlive/2015/texmf-dist/tex/latex/l3kernel/l3unicode-data.def
File: l3unicode-data.def 2015/07/20 v-1 L3 Unicode data
)
(/usr/local/texlive/2015/texmf-dist/tex/latex/l3kernel/l3xdvipdfmx.def
File: l3xdvidpfmx.def 2015/06/30 v5646 L3 Experimental driver: xdvipdfmx
))
(/usr/local/texlive/2015/texmf-dist/tex/latex/l3packages/xparse/xparse.sty
Package: xparse 2015/07/28 v5700 L3 Experimental document command parser
\l__xparse_current_arg_int=\count179
\l__xparse_m_args_int=\count180
\l__xparse_mandatory_args_int=\count181
\l__xparse_processor_int=\count182
\l__xparse_v_nesting_int=\count183
)
\l_fontspec_script_int=\count184
\l_fontspec_language_int=\count185
\l_fontspec_strnum_int=\count186
\l__fontspec_tmpa_dim=\dimen205
\l__fontspec_tmpb_dim=\dimen206
\l__fontspec_tmpc_dim=\dimen207

(/usr/local/texlive/2015/texmf-dist/tex/latex/fontspec/fontspec-patches.sty
Package: fontspec-patches 2015/07/22 v2.4d Font selection for XeLaTeX and LuaLa
TeX
LaTeX Info: Redefining \em on input line 49.
LaTeX Info: Redefining \emph on input line 57.
LaTeX Info: Redefining \- on input line 60.
.................................................
. LaTeX info: "xparse/redefine-command"
. 
. Redefining command \oldstylenums with sig. 'm' on line 155.
.................................................
.................................................
. LaTeX info: "xparse/define-command"
. 
. Defining command \liningnums with sig. 'm' on line 159.
.................................................
)
(/usr/local/texlive/2015/texmf-dist/tex/latex/fontspec/fontspec-xetex.sty
Package: fontspec-xetex 2015/07/22 v2.4d Font selection for XeLaTeX and LuaLaTe
X

(/usr/local/texlive/2015/texmf-dist/tex/latex/base/fontenc.sty
Package: fontenc 2005/09/27 v1.99g Standard LaTeX package

(/usr/local/texlive/2015/texmf-dist/tex/latex/euenc/eu1enc.def
File: eu1enc.def 2010/05/27 v0.1h Experimental Unicode font encodings
)
LaTeX Font Info:    Try loading font information for EU1+lmr on input line 105.


(/usr/local/texlive/2015/texmf-dist/tex/latex/euenc/eu1lmr.fd
File: eu1lmr.fd 2009/10/30 v1.6 Font defs for Latin Modern
))
(/usr/local/texlive/2015/texmf-dist/tex/xelatex/xunicode/xunicode.sty
File: xunicode.sty 2011/09/09 v0.981 provides access to latin accents and many 
other characters in Unicode lower plane

(/usr/local/texlive/2015/texmf-dist/tex/latex/tipa/t3enc.def
File: t3enc.def 2001/12/31 T3 encoding
LaTeX Font Info:    Try loading font information for EU1+lmss on input line 357
.

(/usr/local/texlive/2015/texmf-dist/tex/latex/euenc/eu1lmss.fd
File: eu1lmss.fd 2009/10/30 v1.6 Font defs for Latin Modern
))
\tipaTiiicode=\count187
\tipasavetokens=\toks30
\tipachecktokens=\toks31
)
.................................................
. LaTeX info: "xparse/define-command"
. 
. Defining command \__fontspec_post_arg:w with sig. 'mmO{}' on line 42.
.................................................
.................................................
. LaTeX info: "xparse/define-command"
. 
. Defining command \fontspec with sig. 'om' on line 44.
.................................................
.................................................
. LaTeX info: "xparse/define-command"
. 
. Defining command \setmainfont with sig. 'om' on line 54.
.................................................
.................................................
. LaTeX info: "xparse/define-command"
. 
. Defining command \setsansfont with sig. 'om' on line 64.
.................................................
.................................................
. LaTeX info: "xparse/define-command"
. 
. Defining command \setmonofont with sig. 'om' on line 74.
.................................................
.................................................
. LaTeX info: "xparse/define-command"
. 
. Defining command \setmathrm with sig. 'om' on line 88.
.................................................
.................................................
. LaTeX info: "xparse/define-command"
. 
. Defining command \setboldmathrm with sig. 'om' on line 96.
.................................................
.................................................
. LaTeX info: "xparse/define-command"
. 
. Defining command \setmathsf with sig. 'om' on line 104.
.................................................
.................................................
. LaTeX info: "xparse/define-command"
. 
. Defining command \setmathtt with sig. 'om' on line 112.
.................................................
.................................................
. LaTeX info: "xparse/define-command"
. 
. Defining command \newfontfamily with sig. 'mom' on line 126.
.................................................
.................................................
. LaTeX info: "xparse/define-command"
. 
. Defining command \newfontface with sig. 'mom' on line 141.
.................................................
.................................................
. LaTeX info: "xparse/define-command"
. 
. Defining command \defaultfontfeatures with sig. 't+om' on line 155.
.................................................
.................................................
. LaTeX info: "xparse/define-command"
. 
. Defining command \addfontfeatures with sig. 'm' on line 210.
.................................................
.................................................
. LaTeX info: "xparse/define-command"
. 
. Defining command \newfontfeature with sig. 'mm' on line 221.
.................................................
.................................................
. LaTeX info: "xparse/define-command"
. 
. Defining command \newAATfeature with sig. 'mmmm' on line 229.
.................................................
.................................................
. LaTeX info: "xparse/define-command"
. 
. Defining command \newopentypefeature with sig. 'mmm' on line 237.
.................................................
.................................................
. LaTeX info: "xparse/define-command"
. 
. Defining command \aliasfontfeature with sig. 'mm' on line 261.
.................................................
.................................................
. LaTeX info: "xparse/define-command"
. 
. Defining command \aliasfontfeatureoption with sig. 'mmm' on line 270.
.................................................
.................................................
. LaTeX info: "xparse/define-command"
. 
. Defining command \newfontscript with sig. 'mm' on line 275.
.................................................
.................................................
. LaTeX info: "xparse/define-command"
. 
. Defining command \newfontlanguage with sig. 'mm' on line 301.
.................................................
.................................................
. LaTeX info: "xparse/define-command"
. 
. Defining command \DeclareFontsExtensions with sig. 'm' on line 321.
.................................................
\l__fontspec_tmp_int=\count188
LaTeX Info: Redefining \itshape on input line 2230.
LaTeX Info: Redefining \slshape on input line 2235.
LaTeX Info: Redefining \scshape on input line 2240.
LaTeX Info: Redefining \upshape on input line 2245.

(/usr/local/texlive/2015/texmf-dist/tex/latex/fontspec/fontspec.cfg)))
(/usr/local/texlive/2015/texmf-dist/tex/latex/xkeyval/xkeyval.sty
Package: xkeyval 2014/12/03 v2.7a package option processing (HA)

(/usr/local/texlive/2015/texmf-dist/tex/generic/xkeyval/xkeyval.tex
(/usr/local/texlive/2015/texmf-dist/tex/generic/xkeyval/xkvutils.tex
\XKV@toks=\toks32
\XKV@tempa@toks=\toks33
)
\XKV@depth=\count189
File: xkeyval.tex 2014/12/03 v2.7a key=value parser (HA)
))
\c@eu@=\count190
\c@eu@i=\count191
\c@mkern=\count192
)
\g__file_internal_ior=\read2
\g__fontspec_family_EBGaramond_int=\count193
.................................................
. fontspec info: "no-font-shape"
. 
. Could not resolve font EB Garamond/B (it probably doesn't exist).
.................................................
.................................................
. fontspec info: "defining-font"
. 
. Font family 'EBGaramond(0)' created for font 'EB Garamond' with options
. [Numbers={Proportional}].
. 
. This font family consists of the following shapes:
. 
. * 'normal' with NFSS spec.:
. <->"EB Garamond/OT:script=latn;language=DFLT;+pnum;"
. 
. * 'small caps' with NFSS spec.:
. <->"EB Garamond/OT:script=latn;language=DFLT;+pnum;+smcp;"
. and font adjustment code:
. 
. 
. * 'italic' with NFSS spec.:
. <->"EB Garamond/I/OT:script=latn;language=DFLT;+pnum;"
. 
. * 'small caps' with NFSS spec.:
. <->"EB Garamond/I/OT:script=latn;language=DFLT;+pnum;+smcp;"
. and font adjustment code:
. 
. 
. * 'bold italic' with NFSS spec.:
. <->"EB Garamond/BI/OT:script=latn;language=DFLT;+pnum;"
. 
. * 'bold small caps' with NFSS spec.:
. <->"EB Garamond/BI/OT:script=latn;language=DFLT;+pnum;+smcp;"
. and font adjustment code:
. 
.................................................
\symDigits:m:n=\mathgroup6
\symLatin:m:n=\mathgroup7
\symLatin:m:it=\mathgroup8
\symGreek:m:n=\mathgroup9
\symGreek:m:it=\mathgroup10
.................................................
. fontspec info: "no-font-shape"
. 
. Could not resolve font EB Garamond/B (it probably doesn't exist).
.................................................
.................................................
. fontspec info: "defining-font"
. 
. Font family 'EBGaramond(1)' created for font 'EB Garamond' with options [].
. 
. This font family consists of the following shapes:
. 
. * 'normal' with NFSS spec.:
. <->"EB Garamond/OT:script=latn;language=DFLT;"
. 
. * 'small caps' with NFSS spec.:
. <->"EB Garamond/OT:script=latn;language=DFLT;+smcp;"
. and font adjustment code:
. 
. 
. * 'italic' with NFSS spec.:
. <->"EB Garamond/I/OT:script=latn;language=DFLT;"
. 
. * 'small caps' with NFSS spec.:
. <->"EB Garamond/I/OT:script=latn;language=DFLT;+smcp;"
. and font adjustment code:
. 
. 
. * 'bold italic' with NFSS spec.:
. <->"EB Garamond/BI/OT:script=latn;language=DFLT;"
. 
. * 'bold small caps' with NFSS spec.:
. <->"EB Garamond/BI/OT:script=latn;language=DFLT;+smcp;"
. and font adjustment code:
. 
.................................................
LaTeX Font Info:    Redeclaring math alphabet \mathrm on input line 94.
LaTeX Font Info:    Overwriting math alphabet `\mathrm' in version `bold'
(Font)                  EU1/EBGaramond(1)/m/n --> EU1/EBGaramond(1)/bx/n on inp
ut line 94.
LaTeX Font Info:    Redeclaring math alphabet \mathit on input line 94.
LaTeX Font Info:    Overwriting math alphabet `\mathit' in version `normal'
(Font)                  OT1/cmr/m/it --> EU1/EBGaramond(1)/m/it on input line 9
4.
LaTeX Font Info:    Overwriting math alphabet `\mathit' in version `bold'
(Font)                  OT1/cmr/bx/it --> EU1/EBGaramond(1)/m/it on input line 
94.
LaTeX Font Info:    Redeclaring math alphabet \mathbf on input line 94.
LaTeX Font Info:    Overwriting math alphabet `\mathbf' in version `normal'
(Font)                  OT1/cmr/bx/n --> EU1/EBGaramond(1)/bx/n on input line 9
4.
LaTeX Font Info:    Overwriting math alphabet `\mathbf' in version `bold'
(Font)                  OT1/cmr/bx/n --> EU1/EBGaramond(1)/bx/n on input line 9
4.
LaTeX Font Info:    Overwriting math alphabet `\mathit' in version `bold'
(Font)                  EU1/EBGaramond(1)/m/it --> EU1/EBGaramond(1)/bx/it on i
nput line 94.
\symOperators:m:n=\mathgroup11
.................................................
. fontspec info: "no-font-shape"
. 
. Could not resolve font EB Garamond/B (it probably doesn't exist).
.................................................
.................................................
. fontspec info: "defining-font"
. 
. Font family 'EBGaramond(2)' created for font 'EB Garamond' with options
. [Mapping=tex-text,RawFeature={+c2sc,+scmp}].
. 
. This font family consists of the following shapes:
. 
. * 'normal' with NFSS spec.:
. <->"EB Garamond/OT:script=latn;language=DFLT;mapping=tex-text;+c2sc,+scmp;"
. 
. * 'small caps' with NFSS spec.:
. <->"EB
. Garamond/OT:script=latn;language=DFLT;mapping=tex-text;+c2sc,+scmp;+smcp;"
. and font adjustment code:
. 
. 
. * 'italic' with NFSS spec.:
. <->"EB
. Garamond/I/OT:script=latn;language=DFLT;mapping=tex-text;+c2sc,+scmp;"
. 
. * 'small caps' with NFSS spec.:
. <->"EB
. Garamond/I/OT:script=latn;language=DFLT;mapping=tex-text;+c2sc,+scmp;+smcp;"
. and font adjustment code:
. 
. 
. * 'bold italic' with NFSS spec.:
. <->"EB
. Garamond/BI/OT:script=latn;language=DFLT;mapping=tex-text;+c2sc,+scmp;"
. 
. * 'bold small caps' with NFSS spec.:
. <->"EB
. Garamond/BI/OT:script=latn;language=DFLT;mapping=tex-text;+c2sc,+scmp;+smcp;"

. and font adjustment code:
. 
.................................................
.................................................
. fontspec info: "no-font-shape"
. 
. Could not resolve font EB Garamond/B (it probably doesn't exist).
.................................................
.................................................
. fontspec info: "defining-font"
. 
. Font family 'EBGaramond(3)' created for font 'EB Garamond' with options
. [Mapping=tex-text,Ligatures=TeX,Numbers=OldStyle,Ligatures={Common}].
. 
. This font family consists of the following shapes:
. 
. * 'normal' with NFSS spec.:
. <->"EB
. Garamond/OT:script=latn;language=DFLT;mapping=tex-text;mapping=tex-text;+onum
;+liga;"
. 
. * 'small caps' with NFSS spec.:
. <->"EB
. Garamond/OT:script=latn;language=DFLT;mapping=tex-text;mapping=tex-text;+onum
;+liga;+smcp;"
. and font adjustment code:
. 
. 
. * 'italic' with NFSS spec.:
. <->"EB
. Garamond/I/OT:script=latn;language=DFLT;mapping=tex-text;mapping=tex-text;+on
um;+liga;"
. 
. * 'small caps' with NFSS spec.:
. <->"EB
. Garamond/I/OT:script=latn;language=DFLT;mapping=tex-text;mapping=tex-text;+on
um;+liga;+smcp;"
. and font adjustment code:
. 
. 
. * 'bold italic' with NFSS spec.:
. <->"EB
. Garamond/BI/OT:script=latn;language=DFLT;mapping=tex-text;mapping=tex-text;+o
num;+liga;"
. 
. * 'bold small caps' with NFSS spec.:
. <->"EB
. Garamond/BI/OT:script=latn;language=DFLT;mapping=tex-text;mapping=tex-text;+o
num;+liga;+smcp;"
. and font adjustment code:
. 
.................................................
.................................................
. fontspec info: "set-scale"
. 
. Lato Regular scale = 0.8094776164367054.
.................................................
\g__fontspec_family_LatoRegular_int=\count194
.................................................
. fontspec info: "set-scale"
. 
. Lato Regular scale = 0.8094776164367054.
.................................................
.................................................
. fontspec info: "set-scale"
. 
. Lato Bold scale = 0.7992207019631172.
.................................................
.................................................
. fontspec info: "set-scale"
. 
. Lato Regular/I scale = 0.8094776164367054.
.................................................
.................................................
. fontspec info: "set-scale"
. 
. Lato Bold/I scale = 0.7992207019631172.
.................................................
.................................................
. fontspec info: "defining-font"
. 
. Font family 'LatoRegular(0)' created for font 'Lato Regular' with options
. [Mapping=tex-text,Ligatures=TeX,Scale=MatchLowercase,BoldFont={Lato Bold}].
. 
. This font family consists of the following shapes:
. 
. * 'normal' with NFSS spec.:
. <->s*[0.8094776164367054]"Lato
. Regular/OT:script=latn;language=DFLT;mapping=tex-text;mapping=tex-text;"
. 
. * 'small caps' with NFSS spec.:
. 
. and font adjustment code:
. 
. 
. * 'bold' with NFSS spec.:
. <->s*[0.7992207019631172]"Lato
. Bold/OT:script=latn;language=DFLT;mapping=tex-text;mapping=tex-text;"
. 
. * 'bold small caps' with NFSS spec.:
. 
. and font adjustment code:
. 
. 
. * 'italic' with NFSS spec.:
. <->s*[0.8094776164367054]"Lato
. Regular/I/OT:script=latn;language=DFLT;mapping=tex-text;mapping=tex-text;"
. 
. * 'small caps' with NFSS spec.:
. 
. and font adjustment code:
. 
. 
. * 'bold italic' with NFSS spec.:
. <->s*[0.7992207019631172]"Lato
. Bold/I/OT:script=latn;language=DFLT;mapping=tex-text;mapping=tex-text;"
. 
. * 'bold small caps' with NFSS spec.:
. 
. and font adjustment code:
. 
.................................................
.................................................
. fontspec info: "set-scale"
. 
. Source Code Pro scale = 0.8541673951674175.
.................................................
\g__fontspec_family_SourceCodePro_int=\count195
.................................................
. fontspec info: "set-scale"
. 
. Source Code Pro scale = 0.8541673951674175.
.................................................
.................................................
. fontspec info: "set-scale"
. 
. Source Code Pro/B scale = 0.8541673951674175.
.................................................
.................................................
. fontspec info: "set-scale"
. 
. Source Code Pro/I scale = 0.8541673951674175.
.................................................
.................................................
. fontspec info: "set-scale"
. 
. Source Code Pro/BI scale = 0.8541673951674175.
.................................................
.................................................
. fontspec info: "defining-font"
. 
. Font family 'SourceCodePro(0)' created for font 'Source Code Pro' with
. options
. [Mapping=tex-text,WordSpace={1,0,0},PunctuationSpace=WordSpace,Scale=MatchLow
ercase].
. 
. This font family consists of the following shapes:
. 
. * 'normal' with NFSS spec.:
. <->s*[0.8541673951674175]"Source Code
. Pro/OT:script=latn;language=DFLT;mapping=tex-text;"
. 
. * 'small caps' with NFSS spec.:
. 
. and font adjustment code:
. \fontdimen 2\font =1\fontdimen 2\font \fontdimen 3\font =0\fontdimen 3\font
. \fontdimen 4\font =0\fontdimen 4\font \fontdimen 7\font =0\fontdimen 2\font 
. 
. * 'bold' with NFSS spec.:
. <->s*[0.8541673951674175]"Source Code
. Pro/B/OT:script=latn;language=DFLT;mapping=tex-text;"
. 
. * 'bold small caps' with NFSS spec.:
. 
. and font adjustment code:
. \fontdimen 2\font =1\fontdimen 2\font \fontdimen 3\font =0\fontdimen 3\font
. \fontdimen 4\font =0\fontdimen 4\font \fontdimen 7\font =0\fontdimen 2\font 
. 
. * 'italic' with NFSS spec.:
. <->s*[0.8541673951674175]"Source Code
. Pro/I/OT:script=latn;language=DFLT;mapping=tex-text;"
. 
. * 'small caps' with NFSS spec.:
. 
. and font adjustment code:
. \fontdimen 2\font =1\fontdimen 2\font \fontdimen 3\font =0\fontdimen 3\font
. \fontdimen 4\font =0\fontdimen 4\font \fontdimen 7\font =0\fontdimen 2\font 
. 
. * 'bold italic' with NFSS spec.:
. <->s*[0.8541673951674175]"Source Code
. Pro/BI/OT:script=latn;language=DFLT;mapping=tex-text;"
. 
. * 'bold small caps' with NFSS spec.:
. 
. and font adjustment code:
. \fontdimen 2\font =1\fontdimen 2\font \fontdimen 3\font =0\fontdimen 3\font
. \fontdimen 4\font =0\fontdimen 4\font \fontdimen 7\font =0\fontdimen 2\font 
.................................................

(/usr/local/texlive/2015/texmf-dist/tex/latex/caption/caption.sty
Package: caption 2013/05/02 v3.3-89 Customizing captions (AR)

(/usr/local/texlive/2015/texmf-dist/tex/latex/caption/caption3.sty
Package: caption3 2013/05/02 v1.6-88 caption3 kernel (AR)
Package caption3 Info: TeX engine: e-TeX on input line 57.
\captionmargin=\dimen208
\captionmargin@=\dimen209
\captionwidth=\dimen210
\caption@tempdima=\dimen211
\caption@indent=\dimen212
\caption@parindent=\dimen213
\caption@hangindent=\dimen214
)
Package caption Info: We need package `newfloat' on input line 293.

(/usr/local/texlive/2015/texmf-dist/tex/latex/caption/newfloat.sty
Package: newfloat 2013/05/11 v1.1-91 Defining new floating environments (AR)
)
\c@ContinuedFloat=\count196
Package caption Info: float package is loaded.
Package caption Info: hyperref package is loaded.
Package caption Info: listings package is loaded.
)
\mybibindent=\skip123
)
Package csquotes Info: Checking for multilingual support...
Package csquotes Info: ... none found.

(/Users/edf/Repositories/Dissertation/.texpadtmp/dissertation.aux
(/Users/edf/Repositories/Dissertation/.texpadtmp/chapters/introduction.aux)
(/Users/edf/Repositories/Dissertation/.texpadtmp/chapters/chapter1.aux)
(/Users/edf/Repositories/Dissertation/.texpadtmp/chapters/chapter2.aux

LaTeX Warning: Label `euclid' multiply defined.


LaTeX Warning: Label `euclid' multiply defined.

) (/Users/edf/Repositories/Dissertation/.texpadtmp/chapters/chapter3.aux)
(/Users/edf/Repositories/Dissertation/.texpadtmp/chapters/chapter4.aux)
(/Users/edf/Repositories/Dissertation/.texpadtmp/chapters/appendixA.aux)
(/Users/edf/Repositories/Dissertation/.texpadtmp/endmatter/colophon.aux))
\openout1 = `dissertation.aux'.

LaTeX Font Info:    Checking defaults for OML/cmm/m/it on input line 6.
LaTeX Font Info:    ... okay on input line 6.
LaTeX Font Info:    Checking defaults for T1/cmr/m/n on input line 6.
LaTeX Font Info:    ... okay on input line 6.
LaTeX Font Info:    Checking defaults for OT1/cmr/m/n on input line 6.
LaTeX Font Info:    ... okay on input line 6.
LaTeX Font Info:    Checking defaults for OMS/cmsy/m/n on input line 6.
LaTeX Font Info:    ... okay on input line 6.
LaTeX Font Info:    Checking defaults for OMX/cmex/m/n on input line 6.
LaTeX Font Info:    ... okay on input line 6.
LaTeX Font Info:    Checking defaults for U/cmr/m/n on input line 6.
LaTeX Font Info:    ... okay on input line 6.
LaTeX Font Info:    Checking defaults for PD1/pdf/m/n on input line 6.
LaTeX Font Info:    ... okay on input line 6.
LaTeX Font Info:    Checking defaults for PU/pdf/m/n on input line 6.
LaTeX Font Info:    ... okay on input line 6.
LaTeX Font Info:    Checking defaults for EU1/lmr/m/n on input line 6.
LaTeX Font Info:    ... okay on input line 6.
LaTeX Font Info:    Checking defaults for T3/cmr/m/n on input line 6.
LaTeX Font Info:    Try loading font information for T3+cmr on input line 6.

(/usr/local/texlive/2015/texmf-dist/tex/latex/tipa/t3cmr.fd
File: t3cmr.fd 2001/12/31 TIPA font definitions
)
LaTeX Font Info:    ... okay on input line 6.
\AtBeginShipoutBox=\box52
Package hyperref Info: Link coloring ON on input line 6.

(/usr/local/texlive/2015/texmf-dist/tex/latex/hyperref/nameref.sty
Package: nameref 2012/10/27 v2.43 Cross-referencing by name of section

(/usr/local/texlive/2015/texmf-dist/tex/generic/oberdiek/gettitlestring.sty
Package: gettitlestring 2010/12/03 v1.4 Cleanup title references (HO)
)
\c@section@level=\count197
)
LaTeX Info: Redefining \ref on input line 6.
LaTeX Info: Redefining \pageref on input line 6.
LaTeX Info: Redefining \nameref on input line 6.

(/Users/edf/Repositories/Dissertation/.texpadtmp/dissertation.out)
(/Users/edf/Repositories/Dissertation/.texpadtmp/dissertation.out)
\@outlinefile=\write3
\openout3 = `dissertation.out'.


*geometry* driver: auto-detecting
*geometry* detected driver: xetex
*geometry* verbose mode - [ preamble ] result:
* driver: xetex
* paper: letterpaper
* layout: <same size as paper>
* layoutoffset:(h,v)=(0.0pt,0.0pt)
* modes: 
* h-part:(L,W,R)=(99.37125pt, 415.55249pt, 99.37126pt)
* v-part:(T,H,B)=(72.26999pt, 614.295pt, 108.405pt)
* \paperwidth=614.295pt
* \paperheight=794.96999pt
* \textwidth=415.55249pt
* \textheight=614.295pt
* \oddsidemargin=27.10126pt
* \evensidemargin=27.10126pt
* \topmargin=-34.8738pt
* \headheight=15.0pt
* \headsep=19.8738pt
* \topskip=12.0pt
* \footskip=30.0pt
* \marginparwidth=47.0pt
* \marginparsep=7.0pt
* \columnsep=10.0pt
* \skip\footins=10.8pt plus 4.0pt minus 2.0pt
* \hoffset=0.0pt
* \voffset=0.0pt
* \mag=1000
* \@twocolumnfalse
* \@twosidefalse
* \@mparswitchfalse
* \@reversemarginfalse
* (1in=72.27pt=25.4mm, 1cm=28.453pt)

\c@lstlisting=\count198
ABD: EverySelectfont initializing macros
LaTeX Info: Redefining \selectfont on input line 6.
Package caption Info: Begin \AtBeginDocument code.
Package caption Info: End \AtBeginDocument code.
Package caption Info: We need package `ragged2e' on input line 6.
 (./frontmatter/personalize.tex)
(/usr/local/texlive/2015/texmf-dist/tex/generic/oberdiek/se-ascii-print.def
File: se-ascii-print.def 2011/12/02 v1.10 stringenc: Printable ASCII characters

)
[1

] [1] [3] (./frontmatter/dedication.tex) [4] (./frontmatter/thanks.tex)
[5]
LaTeX Font Info:    Try loading font information for U+msa on input line 15.
 (/usr/local/texlive/2015/texmf-dist/tex/latex/amsfonts/umsa.fd
File: umsa.fd 2013/01/14 v3.01 AMS symbols A
)
LaTeX Font Info:    Try loading font information for U+msb on input line 15.

(/usr/local/texlive/2015/texmf-dist/tex/latex/amsfonts/umsb.fd
File: umsb.fd 2013/01/14 v3.01 AMS symbols B
) [6]
(./frontmatter/abstract.tex) [7]
LaTeX Font Info:    Try loading font information for T1+ppl on input line 17.

(/usr/local/texlive/2015/texmf-dist/tex/latex/psnfss/t1ppl.fd
File: t1ppl.fd 2001/06/04 font definitions for T1/ppl.
)
(/Users/edf/Repositories/Dissertation/.texpadtmp/dissertation.toc

LaTeX Font Warning: Font shape `EU1/EBGaramond(3)/bx/n' undefined
(Font)              using `EU1/EBGaramond(3)/m/n' instead on input line 1.

[8

] [9]
Overfull \hbox (9.11307pt too wide) in paragraph at lines 84--84
 [][] [][][]\EU1/EBGaramond(3)/bx/n/12 Evaluating the Life-Cycle Water-Energy U
sage Efficiencies of Proposed Reuse 
 []

)
\tf@toc=\write4
\openout4 = `dissertation.toc'.

 [10] (/Users/edf/Repositories/Dissertation/.texpadtmp/dissertation.lof
Overfull \hbox (9.49707pt too wide) in paragraph at lines 10--10
 [][] [][][]\EU1/EBGaramond(3)/bx/n/12 Conceptual illustration of the input dat
a preprocessing operations and work- 
 []


Overfull \hbox (1.09706pt too wide) in paragraph at lines 13--13
 [][] [][][]\EU1/EBGaramond(3)/bx/n/12 Table of input data sources used in the 
case study MCSS model for artificial 
 []


Overfull \hbox (23.64105pt too wide) in paragraph at lines 15--15
 [][] [][][]\EU1/EBGaramond(3)/bx/n/12 An overview of Step #2 in the GUI based 
workflow: selecting the reference poly- 
 []

[11

]
Overfull \hbox (23.04105pt too wide) in paragraph at lines 16--16
 [][] [][][]\EU1/EBGaramond(3)/bx/n/12 An overview of Step #3 in the GUI based 
workflow: selecting the reference poly- 
 []


Overfull \hbox (0.62907pt too wide) in paragraph at lines 17--17
 [][] [][][]\EU1/EBGaramond(3)/bx/n/12 Graphical Illustration of the WOSS Model
 Outputs for Reference HUC-10 
 []


Overfull \hbox (8.36906pt too wide) in paragraph at lines 25--25
 [][] [][][]\EU1/EBGaramond(3)/bx/n/12 Observing the Role of the Fixed Paramete
r $[]$ in Determining Individual Path 
 []

[12] [13]
Overfull \hbox (7.11702pt too wide) in paragraph at lines 71--71
 [][] [][][]\EU1/EBGaramond(3)/bx/n/12 Santa Ana  San Bernadino Region Destina
tion Search Inputs: Geology Scores[][] []  
 []


Overfull \hbox (7.53702pt too wide) in paragraph at lines 72--72
 [][] [][][]\EU1/EBGaramond(3)/bx/n/12 Santa Ana  San Bernadino Region Destina
tion Search Inputs: Landuse Scores[][] []  
 []


Overfull \hbox (0.56502pt too wide) in paragraph at lines 73--73
 [][] [][][]\EU1/EBGaramond(3)/bx/n/12 Santa Ana  San Bernadino Region Destina
tion Search Outputs: Compos- 
 []


Overfull \hbox (5.40103pt too wide) in paragraph at lines 74--74
 [][] [][][]\EU1/EBGaramond(3)/bx/n/12 Santa Ana  San Bernadino Region Destina
tion Search Outputs: Candidate 
 []


Overfull \hbox (1.44504pt too wide) in paragraph at lines 77--77
 [][] [][][]\EU1/EBGaramond(3)/bx/n/12 Santa Ana  San Bernadino Region Land Us
e Disturbance Based Objective 
 []

[14]
Overfull \hbox (11.84906pt too wide) in paragraph at lines 96--96
 [][] [][][]\EU1/EBGaramond(3)/bx/n/12 Algorithm Runtime Performance for Each o
f the Five Case Study Regions for 
 []


Overfull \hbox (26.75305pt too wide) in paragraph at lines 97--97
 [][] [][][]\EU1/EBGaramond(3)/bx/n/12 Algorithm Convergence Rates for Each of 
the Five Case Study Regions for Three 
 []


Overfull \hbox (11.96907pt too wide) in paragraph at lines 98--98
 [][] [][][]\EU1/EBGaramond(3)/bx/n/12 Comparison of the Along Path Distance an
d Cumulative Objective Scores be- 
 []


Overfull \hbox (11.48909pt too wide) in paragraph at lines 99--99
 [][] [][][]\EU1/EBGaramond(3)/bx/n/12 Comparison of the Along Corridor Elevati
on Profiles for each of the Solution 
 []


Overfull \hbox (11.64503pt too wide) in paragraph at lines 100--100
 [][] [][][]\EU1/EBGaramond(3)/bx/n/12 Comparison of the Net Water Usage Effici
encies of Reuse for each of the Case 
 []


Overfull \hbox (2.88507pt too wide) in paragraph at lines 100--100
 \EU1/EBGaramond(3)/bx/n/12 Study Regions Measured in Terms of Both the Withdra
wals and Consump- 
 []

)
\tf@lof=\write5
\openout5 = `dissertation.lof'.

 [15]
\openout2 = `chapters/introduction.aux'.

 (./chapters/introduction.tex
LaTeX Font Info:    Font shape `EU1/EBGaramond(3)/m/sl' in size <10> not availa
ble
(Font)              Font shape `EU1/EBGaramond(3)/m/it' tried instead on input 
line 4.

Underfull \hbox (badness 10000) in paragraph at lines 5--6
[]\EU1/EBGaramond(3)/m/it/10 We have arranged a civilization in which most cruc
ial
 []

Chapter 0.
[1


] [2] [3]
File: figures/energy-water-nexus-perspectives.png Graphic file (type QTm)
 <use  "figures/energy-water-nexus-perspectives.png" >
LaTeX Font Info:    Font shape `EU1/LatoRegular(0)/bx/n' will be
(Font)              scaled to size 9.5907pt on input line 45.
LaTeX Font Info:    Font shape `EU1/LatoRegular(0)/bx/n' will be
(Font)              scaled to size 8.7515pt on input line 45.
LaTeX Font Info:    Font shape `EU1/LatoRegular(0)/m/n' will be
(Font)              scaled to size 9.71375pt on input line 45.
LaTeX Font Info:    Font shape `EU1/LatoRegular(0)/m/n' will be
(Font)              scaled to size 8.86378pt on input line 45.
LaTeX Font Info:    Font shape `EU1/LatoRegular(0)/m/n' will be
(Font)              scaled to size 6.47583pt on input line 45.


LaTeX Warning: `!h' float specifier changed to `!ht'.

[4]
File: figures/energy-water-nexus-dimensions.png Graphic file (type QTm)
 <use  "figures/energy-water-nexus-dimensions.png" >

LaTeX Warning: `!h' float specifier changed to `!ht'.

[5] [6]
File: figures/infrastructure.png Graphic file (type QTm)
 <use  "figures/infrastructure.png" > [7]
File: figures/energy-intensity.png Graphic file (type QTm)

<use  "figures/energy-intensity.png" > [8]
File: figures/process-flow.png Graphic file (type QTm)
 <use  "figures/process-flow.png" >

LaTeX Warning: `!h' float specifier changed to `!ht'.


Overfull \hbox (7.21944pt too wide) in paragraph at lines 93--94
\EU1/EBGaramond(3)/bx/n/12 ment operations necessary to produce effluent water 
that is suitable for groundwater recharge 
 []

File: figures/use-categories.png Graphic file (type QTm)
<use  "figures/use-categories.png" >

LaTeX Warning: `!h' float specifier changed to `!ht'.

[9]
Overfull \vbox (32.71953pt too high) has occurred while \output is active []


[10]
Overfull \hbox (0.76344pt too wide) in paragraph at lines 108--109
\EU1/EBGaramond(3)/bx/n/12 subjected to basic secondary treatment for the irrig
ation of a nearby cemetery or golf course. 
 []

[11]
Overfull \hbox (9.75146pt too wide) in paragraph at lines 114--115
[]\EU1/EBGaramond(3)/bx/n/12 Due to the considerable cost associated with pump 
operation as well as the limited recharge 
 []

[12] [13]
File: figures/water_consumption_for_energy.png Graphic file (type QTm)
 <use  "figures/water_consumption_for_energy.png" > [14] [15])
\openout2 = `chapters/chapter1.aux'.


(./chapters/chapter1.tex
Underfull \hbox (badness 10000) in paragraph at lines 2--3
[]\EU1/EBGaramond(3)/m/it/10 Do not lose your faith  for a mighty fortress is 
our
 []

Chapter 1.
[16




]

Package natbib Warning: Citation `Malczewski1999' on page 17 undefined on input
 line 13.

[17]

Package natbib Warning: Citation `Malczewski2004' on page 18 undefined on input
 line 21.

[18]
File: figures/data_processing_workflow.png Graphic file (type QTm)
 <use  "figures/data_processing_workflow.png" >

LaTeX Warning: `!h' float specifier changed to `!ht'.

LaTeX Font Info:    Font shape `EU1/SourceCodePro(0)/m/n' will be
(Font)              scaled to size 10.25006pt on input line 39.
[19]

LaTeX Warning: `!h' float specifier changed to `!ht'.

[20] [21] [22]
Overfull \hbox (52.69069pt too wide) in alignment at lines 115--129
[][][]
 []


LaTeX Warning: `!h' float specifier changed to `!ht'.

[23] [24]
File: figures/gui_fig1.jpg Graphic file (type QTm)
 <use  "figures/gui_fig1.jpg" >

LaTeX Warning: `!h' float specifier changed to `!ht'.

[25]
File: figures/gui_fig2.jpg Graphic file (type QTm)
 <use  "figures/gui_fig2.jpg" >

LaTeX Warning: `!h' float specifier changed to `!ht'.

File: figures/gui_fig3.jpg Graphic file (type QTm)
<use  "figures/gui_fig3.jpg" >

LaTeX Warning: `!h' float specifier changed to `!ht'.

[26] [27] [28]
File: figures/example_data_output.png Graphic file (type QTm)
 <use  "figures/example_data_output.png" > [29] [30])
\openout2 = `chapters/chapter2.aux'.


(./chapters/chapter2.tex
Underfull \hbox (badness 10000) in paragraph at lines 2--3
[]\EU1/EBGaramond(3)/m/it/10 [A computer] takes these very simple-minded instru
c-
 []


Underfull \hbox (badness 10000) in paragraph at lines 2--3
\EU1/EBGaramond(3)/m/it/10 tions  go fetch a number, add it to this number, p
ut
 []


Underfull \hbox (badness 10000) in paragraph at lines 2--3
\EU1/EBGaramond(3)/m/it/10 the result there, perceive if its greater than this
 other
 []


Underfull \hbox (badness 10000) in paragraph at lines 2--3
\EU1/EBGaramond(3)/m/it/10 number  but executes them at a rate of, lets say,

 []


Underfull \hbox (badness 10000) in paragraph at lines 2--3
\EU1/EBGaramond(3)/m/it/10 1,000,000 per second. At 1,000,000 per second, the r
esults
 []

Chapter 2.
[31




] [32] [33] [34] [35] [36] [37]
File: figures/data-structure.png Graphic file (type QTm)
 <use  "figures/data-structure.png" >
LaTeX Font Info:    Font shape `EU1/SourceCodePro(0)/m/it' will be
(Font)              scaled to size 10.25006pt on input line 101.

[38] [39] [40]
File: figures/pseudo-random-walk-example.png Graphic file (type QTm)
 <use  "figures/pseudo-random-walk-example.png" > [41] [42]
[43]
File: figures/multi-part-pseudo-random-walk-example.png Graphic file (type QTm)

 <use  "figures/multi-part-pseudo-random-walk-example.png" > [44]
File: figures/convex-multi-part-pseudo-random-walk-example.png Graphic file (ty
pe QTm)

<use  "figures/convex-multi-part-pseudo-random-walk-example.png" >

LaTeX Warning: `!h' float specifier changed to `!ht'.

[45] [46]
File: figures/path-randomness-study.png Graphic file (type QTm)
 <use  "figures/path-randomness-study.png" >

LaTeX Warning: `!h' float specifier changed to `!ht'.

[47]
File: figures/problem-size-study.png Graphic file (type QTm)
 <use  "figures/problem-size-study.png" > [48]
File: figures/multi-part-walk-study.png Graphic file (type QTm)

<use  "figures/multi-part-walk-study.png" >

LaTeX Warning: `!h' float specifier changed to `!ht'.

[49] [50])
\openout2 = `chapters/chapter3.aux'.

 (./chapters/chapter3.tex
Underfull \hbox (badness 10000) in paragraph at lines 2--3
[]\EU1/EBGaramond(3)/m/it/10 Either the rest of the world cant live like the d
eveloped
 []


Underfull \hbox (badness 10000) in paragraph at lines 2--3
\EU1/EBGaramond(3)/m/it/10 world or we need, as a society, to think more about 
the
 []


Underfull \hbox (badness 10000) in paragraph at lines 2--3
\EU1/EBGaramond(3)/m/it/10 technology of providing these services with less int
ensive
 []


Underfull \hbox (badness 10000) in paragraph at lines 2--3
\EU1/EBGaramond(3)/m/it/10 use of at least certain resources. We need to do a m
ore
 []

Chapter 3.
[51




] [52] [53] [54] [55] [56] [57]
File: figures/WWEST_System_Boundaries.jpg Graphic file (type QTm)

<use  "figures/WWEST_System_Boundaries.jpg" >

LaTeX Warning: `!h' float specifier changed to `!ht'.

[58] [59] [60]
Overfull \hbox (4.17581pt too wide) in paragraph at lines 120--121
\EU1/EBGaramond(3)/bx/n/12 which the water is flowing. The $\OT1/cmr/m/n/12 ([]
[])$ \EU1/EBGaramond(3)/bx/n/12 can be parsed into two separate components, $\O
T1/cmr/m/n/12 ([][]&[][])$\EU1/EBGaramond(3)/bx/n/12 , 
 []

[61] [62] [63] [64] [65] [66])
\openout2 = `chapters/chapter4.aux'.

 (./chapters/chapter4.tex
Chapter 4.
[67




] [68]
File: figures/SantaBarbara_Overview.png Graphic file (type QTm)
 <use  "figures/SantaBarbara_Overview.png" > [69]
File: figures/SantaBarbara_SearchDomain.png Graphic file (type QTm)

<use  "figures/SantaBarbara_SearchDomain.png" > [70]
File: figures/SantaBarbara_Search_Slope.png Graphic file (type QTm)

<use  "figures/SantaBarbara_Search_Slope.png" >
File: figures/SantaBarbara_Search_Geology.png Graphic file (type QTm)

<use  "figures/SantaBarbara_Search_Geology.png" >
File: figures/SantaBarbara_Search_Landuse.png Graphic file (type QTm)

<use  "figures/SantaBarbara_Search_Landuse.png" >

LaTeX Warning: `!h' float specifier changed to `!ht'.

[71]
File: figures/SantaBarbara_Search_Composite.png Graphic file (type QTm)
 <use  "figures/SantaBarbara_Search_Composite.png" >
File: figures/SantaBarbara_Search_Output.png Graphic file (type QTm)

<use  "figures/SantaBarbara_Search_Output.png" >

LaTeX Warning: `!h' float specifier changed to `!ht'.

[72]
File: figures/SantaBarbara_Endpoints.png Graphic file (type QTm)
 <use  "figures/SantaBarbara_Endpoints.png" > [73]
File: figures/SantaBarbara_AccessibilityScore.png Graphic file (type QTm)

<use  "figures/SantaBarbara_AccessibilityScore.png" >

LaTeX Warning: `!h' float specifier changed to `!ht'.

File: figures/SantaBarbara_DisturbanceScore.png Graphic file (type QTm)
<use  "figures/SantaBarbara_DisturbanceScore.png" >

LaTeX Warning: `!h' float specifier changed to `!ht'.

File: figures/SantaBarbara_SlopeScore.png Graphic file (type QTm)
<use  "figures/SantaBarbara_SlopeScore.png" >

LaTeX Warning: `!h' float specifier changed to `!ht'.

[74] [75]
File: figures/SantaBarbara_PathwayResults.png Graphic file (type QTm)
 <use  "figures/SantaBarbara_PathwayResults.png" >
Overfull \hbox (18.0675pt too wide) in paragraph at lines 178--179
 [] 
 []


LaTeX Warning: `!h' float specifier changed to `!ht'.

[76]
File: figures/SantaBarbara_PathwayLarge.png Graphic file (type QTm)
 <use  "figures/SantaBarbara_PathwayLarge.png" >

LaTeX Warning: `!h' float specifier changed to `!ht'.

[77]
File: figures/SantaBarbara_Elevation_Profile.png Graphic file (type QTm)
 <use  "figures/SantaBarbara_Elevation_Profile.png" >

LaTeX Warning: `!h' float specifier changed to `!ht'.

[78] [79] [80

] [81]
File: figures/Oxnard_Overview.png Graphic file (type QTm)
 <use  "figures/Oxnard_Overview.png" >
File: figures/Oxnard_SearchDomain.png Graphic file (type QTm)

<use  "figures/Oxnard_SearchDomain.png" >

LaTeX Warning: `!h' float specifier changed to `!ht'.

[82]
File: figures/Oxnard_Search_Slope.png Graphic file (type QTm)
 <use  "figures/Oxnard_Search_Slope.png" >
File: figures/Oxnard_Search_Geology.png Graphic file (type QTm)

<use  "figures/Oxnard_Search_Geology.png" >

LaTeX Warning: `!h' float specifier changed to `!ht'.

File: figures/Oxnard_Search_Landuse.png Graphic file (type QTm)
<use  "figures/Oxnard_Search_Landuse.png" >

LaTeX Warning: `!h' float specifier changed to `!ht'.

[83]
File: figures/Oxnard_Search_Composite.png Graphic file (type QTm)
 <use  "figures/Oxnard_Search_Composite.png" >

LaTeX Warning: `!h' float specifier changed to `!ht'.

File: figures/Oxnard_Search_Output.png Graphic file (type QTm)
<use  "figures/Oxnard_Search_Output.png" >

LaTeX Warning: `!h' float specifier changed to `!ht'.

[84] [85]
File: figures/Oxnard_Endpoints.png Graphic file (type QTm)
 <use  "figures/Oxnard_Endpoints.png" >
File: figures/Oxnard_AccessibilityScore.png Graphic file (type QTm)

<use  "figures/Oxnard_AccessibilityScore.png" >

LaTeX Warning: `!h' float specifier changed to `!ht'.

File: figures/Oxnard_DisturbanceScore.png Graphic file (type QTm)
<use  "figures/Oxnard_DisturbanceScore.png" >

LaTeX Warning: `!h' float specifier changed to `!ht'.

File: figures/Oxnard_SlopeScore.png Graphic file (type QTm)
<use  "figures/Oxnard_SlopeScore.png" >

LaTeX Warning: `!h' float specifier changed to `!ht'.


Overfull \hbox (6.43944pt too wide) in paragraph at lines 360--361
\EU1/EBGaramond(3)/bx/n/12 Figure [][]4.26[][] presents a figure panel containi
ng the outputs of the three separate MOGADOR 
 []

[86] [87]
File: figures/Oxnard_PathwayResults.png Graphic file (type QTm)
 <use  "figures/Oxnard_PathwayResults.png" >
Overfull \hbox (18.0675pt too wide) in paragraph at lines 369--370
 [] 
 []


LaTeX Warning: `!h' float specifier changed to `!ht'.

File: figures/Oxnard_PathwayLarge.png Graphic file (type QTm)
<use  "figures/Oxnard_PathwayLarge.png" >

LaTeX Warning: `!h' float specifier changed to `!ht'.

File: figures/Oxnard_Elevation_Profile.png Graphic file (type QTm)
<use  "figures/Oxnard_Elevation_Profile.png" >

LaTeX Warning: `!h' float specifier changed to `!ht'.

[88] [89] [90]
Overfull \hbox (8.39542pt too wide) in paragraph at lines 399--400
[]\EU1/EBGaramond(3)/bx/n/12 In terms of its water resource management history,
 San Diego has become world renowned 
 []

[91

]
File: figures/SanDiego_Overview.png Graphic file (type QTm)
 <use  "figures/SanDiego_Overview.png" >

LaTeX Warning: `!h' float specifier changed to `!ht'.

File: figures/SanDiego_SearchDomain.png Graphic file (type QTm)
<use  "figures/SanDiego_SearchDomain.png" >

LaTeX Warning: `!h' float specifier changed to `!ht'.


Overfull \hbox (10.80745pt too wide) in paragraph at lines 449--450
\EU1/EBGaramond(3)/bx/n/12 permitted WWTP in the basin while the destination lo
cation, in this case, was pre-determined 
 []

[92]
File: figures/SanDiego_Endpoints.png Graphic file (type QTm)
 <use  "figures/SanDiego_Endpoints.png" >

LaTeX Warning: `!h' float specifier changed to `!ht'.

[93]
File: figures/SanDiego_AccessibilityScore.png Graphic file (type QTm)
 <use  "figures/SanDiego_AccessibilityScore.png" >

LaTeX Warning: `!h' float specifier changed to `!ht'.

File: figures/SanDiego_DisturbanceScore.png Graphic file (type QTm)
<use  "figures/SanDiego_DisturbanceScore.png" >

LaTeX Warning: `!h' float specifier changed to `!ht'.

File: figures/SanDiego_SlopeScore.png Graphic file (type QTm)
<use  "figures/SanDiego_SlopeScore.png" >

LaTeX Warning: `!h' float specifier changed to `!ht'.


LaTeX Warning: Reference `SDresults' on page 94 undefined on input line 497.

[94] [95]
File: figures/SanDiego_PathwayResults.png Graphic file (type QTm)
 <use  "figures/SanDiego_PathwayResults.png" >
Overfull \hbox (18.0675pt too wide) in paragraph at lines 503--504
 [] 
 []


LaTeX Warning: `!h' float specifier changed to `!ht'.

File: figures/SanDiego_PathwayLarge.png Graphic file (type QTm)
<use  "figures/SanDiego_PathwayLarge.png" >

LaTeX Warning: `!h' float specifier changed to `!ht'.

File: figures/SanDiego_Elevation_Profile.png Graphic file (type QTm)
<use  "figures/SanDiego_Elevation_Profile.png" > [96]

LaTeX Warning: `!h' float specifier changed to `!ht'.

[97] [98] [99] [100] [101] [102

]
File: figures/SanBernadino_Overview.png Graphic file (type QTm)
 <use  "figures/SanBernadino_Overview.png" >
[103]
File: figures/SanBernadino_SearchDomain.png Graphic file (type QTm)
 <use  "figures/SanBernadino_SearchDomain.png" >
File: figures/SanBernadino_Search_Slope.png Graphic file (type QTm)

<use  "figures/SanBernadino_Search_Slope.png" > [104]
File: figures/SanBernadino_Search_Geology.png Graphic file (type QTm)

<use  "figures/SanBernadino_Search_Geology.png" >
File: figures/SanBernadino_Search_Landuse.png Graphic file (type QTm)

<use  "figures/SanBernadino_Search_Landuse.png" >

LaTeX Warning: `!h' float specifier changed to `!ht'.


LaTeX Warning: Reference `fig:SASBoutputs_comp' on page 105 undefined on input 
line 609.


LaTeX Warning: Reference `SASBoutputs_cand' on page 105 undefined on input line
 609.


Overfull \hbox (0.87144pt too wide) in paragraph at lines 609--610
\EU1/EBGaramond(3)/bx/n/12 for the application of the artificial groundwater re
charge surface infiltration basin are shown 
 []

[105]
File: figures/SanBernadino_Search_Composite.png Graphic file (type QTm)
 <use  "figures/SanBernadino_Search_Composite.png" >

LaTeX Warning: `!h' float specifier changed to `!ht'.

File: figures/SanBernadino_Search_Output.png Graphic file (type QTm)
<use  "figures/SanBernadino_Search_Output.png" >

LaTeX Warning: `!h' float specifier changed to `!ht'.

[106]
File: figures/SanBernadino_Endpoints.png Graphic file (type QTm)
 <use  "figures/SanBernadino_Endpoints.png" >

LaTeX Warning: `!h' float specifier changed to `!ht'.


LaTeX Warning: Reference `fig:SASBaccessibility' on page 107 undefined on input
 line 649.

[107]
File: figures/SanBernadino_AccessibilityScore.png Graphic file (type QTm)
 <use  "figures/SanBernadino_AccessibilityScore.png" >

LaTeX Warning: `!h' float specifier changed to `!ht'.

File: figures/SanBernadino_DisturbanceScore.png Graphic file (type QTm)
<use  "figures/SanBernadino_DisturbanceScore.png" >

LaTeX Warning: `!h' float specifier changed to `!ht'.

File: figures/SanBernadino_SlopeScore.png Graphic file (type QTm)
<use  "figures/SanBernadino_SlopeScore.png" >

LaTeX Warning: `!h' float specifier changed to `!ht'.

[108] [109]
File: figures/SanBernadino_PathwayResults.png Graphic file (type QTm)
 <use  "figures/SanBernadino_PathwayResults.png" >
Overfull \hbox (18.0675pt too wide) in paragraph at lines 685--686
 [] 
 []


LaTeX Warning: `!h' float specifier changed to `!ht'.

File: figures/SanBernadino_PathwayLarge.png Graphic file (type QTm)
<use  "figures/SanBernadino_PathwayLarge.png" >

LaTeX Warning: `!h' float specifier changed to `!ht'.

[110]
File: figures/SanBernadino_Elevation_Profile.png Graphic file (type QTm)
 <use  "figures/SanBernadino_Elevation_Profile.png" >

LaTeX Warning: `!h' float specifier changed to `!ht'.

[111]

LaTeX Warning: Text page 112 contains only floats.

[112] [113

]
File: figures/Fresno_Overview.png Graphic file (type QTm)
 <use  "figures/Fresno_Overview.png" > [114]
File: figures/Fresno_SearchDomain.png Graphic file (type QTm)

<use  "figures/Fresno_SearchDomain.png" >
File: figures/Fresno_Search_Slope.png Graphic file (type QTm)

<use  "figures/Fresno_Search_Slope.png" >

LaTeX Warning: `!h' float specifier changed to `!ht'.

File: figures/Fresno_Search_Geology.png Graphic file (type QTm)
<use  "figures/Fresno_Search_Geology.png" >

LaTeX Warning: `!h' float specifier changed to `!ht'.

File: figures/Fresno_Search_Landuse.png Graphic file (type QTm)
<use  "figures/Fresno_Search_Landuse.png" >

LaTeX Warning: `!h' float specifier changed to `!ht'.

[115]

LaTeX Warning: Text page 116 contains only floats.


Overfull \vbox (3.54248pt too high) has occurred while \output is active []


[116]
File: figures/Fresno_Search_Composite.png Graphic file (type QTm)
 <use  "figures/Fresno_Search_Composite.png" >

LaTeX Warning: `!h' float specifier changed to `!ht'.

File: figures/Fresno_Search_Output.png Graphic file (type QTm)
<use  "figures/Fresno_Search_Output.png" >

LaTeX Warning: `!h' float specifier changed to `!ht'.

[117]
File: figures/Fresno_Endpoints.png Graphic file (type QTm)
 <use  "figures/Fresno_Endpoints.png" >

LaTeX Warning: `!h' float specifier changed to `!ht'.

File: figures/Fresno_AccessibilityScore.png Graphic file (type QTm)
<use  "figures/Fresno_AccessibilityScore.png" >

LaTeX Warning: `!h' float specifier changed to `!ht'.

File: figures/Fresno_DisturbanceScore.png Graphic file (type QTm)
<use  "figures/Fresno_DisturbanceScore.png" >

LaTeX Warning: `!h' float specifier changed to `!ht'.

File: figures/Fresno_SlopeScore.png Graphic file (type QTm)
<use  "figures/Fresno_SlopeScore.png" >

LaTeX Warning: `!h' float specifier changed to `!ht'.

[118]
File: figures/Fresno_PathwayResults.png Graphic file (type QTm)
 <use  "figures/Fresno_PathwayResults.png" >
Overfull \hbox (18.0675pt too wide) in paragraph at lines 863--864
 [] 
 []


LaTeX Warning: `!h' float specifier changed to `!ht'.

File: figures/Fresno_PathwayLarge.png Graphic file (type QTm)
<use  "figures/Fresno_PathwayLarge.png" >

LaTeX Warning: `!h' float specifier changed to `!ht'.

[119]
File: figures/Fresno_Elevation_Profile.png Graphic file (type QTm)
 <use  "figures/Fresno_Elevation_Profile.png" >

LaTeX Warning: `!h' float specifier changed to `!ht'.

[120] [121] [122] [123] [124] [125] [126]
File: figures/Runtimes.png Graphic file (type QTm)
 <use  "figures/Runtimes.png" >

LaTeX Warning: `!h' float specifier changed to `!ht'.

File: figures/Evolutions.png Graphic file (type QTm)
<use  "figures/Evolutions.png" >

LaTeX Warning: `!h' float specifier changed to `!ht'.

[127

] [128] [129]
File: figures/Margin_Improvement.png Graphic file (type QTm)
 <use  "figures/Margin_Improvement.png" > [130]
File: figures/ElevationProfiles.png Graphic file (type QTm)

<use  "figures/ElevationProfiles.png" >
Overfull \hbox (6.05548pt too wide) in paragraph at lines 937--937
 |[]\EU1/EBGaramond(3)/m/sc/12 Evaluating the Life-Cycle Water-Energy Usage Eff
iciencies of Proposed
 []

[131] [132]
File: figures/Efficiencies.png Graphic file (type QTm)
 <use  "figures/Efficiencies.png" >

LaTeX Warning: `!h' float specifier changed to `!ht'.

) [133] [134]
\openout2 = `chapters/appendixA.aux'.

 (./chapters/appendixA.tex
Appendix A.
[135



] [136] [137] [138] [139] [140] [141] [142] [143] [144] [145] [146]
[147] [148] [149] [150]
Overfull \hbox (18.07101pt too wide) in paragraph at lines 414--415
[][][][][][][][][][][][] 
 []


Overfull \hbox (24.64107pt too wide) in paragraph at lines 422--423
[][][][][][][][][][][][][][][] 
 []

[151]
Overfull \hbox (11.50096pt too wide) in paragraph at lines 440--442
[][][][][][][][][][][][][][] 
 []

[152] [153] [154] [155] [156] [157] [158] [159] [160] [161] [162] [163]
[164] [165] [166] [167] [168]
Overfull \hbox (4.93091pt too wide) in paragraph at lines 901--902
[][][][][][][][][][][][] 
 []

[169] [170] [171] [172] [173] [174] [175] [176] [177] [178] [179] [180]
[181] [182] [183] [184] [185]
Overfull \hbox (18.07101pt too wide) in paragraph at lines 1336--1337
[][][][][][][][][][][][][][][][] 
 []

[186] [187]
Overfull \hbox (18.07101pt too wide) in paragraph at lines 1380--1381
[][][][][][][][][][][][][][][][] 
 []

[188] [189] [190]
Overfull \hbox (4.93091pt too wide) in paragraph at lines 1460--1461
[][][][][][][][][][][][][][][] 
 []


Overfull \hbox (4.93091pt too wide) in paragraph at lines 1461--1463
[][][][][][][][][][][][][][][] 
 []

[191] [192] [193] [194] [195] [196] [197] [198] [199] [200] [201] [202]
Overfull \hbox (11.50096pt too wide) in paragraph at lines 1794--1796
[][][][][][][][][][][][] 
 []


Overfull \hbox (18.07101pt too wide) in paragraph at lines 1797--1799
[][][][][][][][][][][][][][][][][][] 
 []

[203] [204] [205] [206] [207] [208] [209] [210]
Overfull \hbox (18.07101pt too wide) in paragraph at lines 2012--2013
[][][][][][][][][][][][][][][] 
 []

[211] [212] [213]
Overfull \hbox (4.93091pt too wide) in paragraph at lines 2091--2092
[][][][][][][][][][][][][][][][][][][] 
 []

[214] [215] [216] [217] [218] [219] [220] [221]
Overfull \hbox (11.50096pt too wide) in paragraph at lines 2306--2307
[][][][][][][][][][][][][][][][][] 
 []


Overfull \hbox (4.93091pt too wide) in paragraph at lines 2313--2314
[][][][][][][][][][][][] 
 []


Overfull \hbox (18.07101pt too wide) in paragraph at lines 2323--2324
[][][][][][][][][][][][][][][][][] 
 []

[222]
Overfull \hbox (11.50096pt too wide) in paragraph at lines 2335--2336
[][][][][][][][][][][][][][][][][] 
 []


Overfull \hbox (11.50096pt too wide) in paragraph at lines 2339--2340
[][][][][][][][][][][][][][][] 
 []


Overfull \hbox (18.07101pt too wide) in paragraph at lines 2340--2341
[][][][][][][][][][][][][][][] 
 []

[223]
Overfull \hbox (31.21112pt too wide) in paragraph at lines 2360--2361
[][][][][][][][][][][][][][][][][] 
 []


Overfull \hbox (11.50096pt too wide) in paragraph at lines 2363--2364
[][][][][][][][][][][][][][] 
 []


Overfull \hbox (24.64107pt too wide) in paragraph at lines 2368--2369
[][][][][][][][][][][][] 
 []

[224]
Overfull \hbox (24.64107pt too wide) in paragraph at lines 2395--2396
[][][][][][][][][][][][][] 
 []


Overfull \hbox (83.77155pt too wide) in paragraph at lines 2396--2397
[][][][][][][][] 
 []


Overfull \hbox (77.20149pt too wide) in paragraph at lines 2397--2398
[][][][][][][][][][] 
 []


Overfull \hbox (64.06139pt too wide) in paragraph at lines 2398--2399
[][][][][][][][][][][] 
 []


Overfull \hbox (77.20149pt too wide) in paragraph at lines 2399--2400
[][][][][][] 
 []


Overfull \hbox (83.77155pt too wide) in paragraph at lines 2400--2401
[][][][][][][][] 
 []


Overfull \hbox (77.20149pt too wide) in paragraph at lines 2401--2402
[][][][][][][][][][] 
 []


Overfull \hbox (64.06139pt too wide) in paragraph at lines 2402--2403
[][][][][][][][][][][] 
 []


Overfull \hbox (77.20149pt too wide) in paragraph at lines 2403--2404
[][][][][][] 
 []

[225]
Overfull \hbox (44.35123pt too wide) in paragraph at lines 2406--2407
[][][][][][][][][][][][] 
 []


Overfull \hbox (57.49133pt too wide) in paragraph at lines 2407--2408
[][][][][][] 
 []


Overfull \hbox (44.35123pt too wide) in paragraph at lines 2408--2409
[][][][][][][][] 
 []


Overfull \hbox (18.07101pt too wide) in paragraph at lines 2409--2410
[][][][][][][][] 
 []


Overfull \hbox (37.78117pt too wide) in paragraph at lines 2410--2411
[][][][][][][][] 
 []


Overfull \hbox (37.78117pt too wide) in paragraph at lines 2411--2412
[][][][][][][][] 
 []


Overfull \hbox (90.3416pt too wide) in paragraph at lines 2414--2415
[][][][][][][][][][][][][] 
 []


Overfull \hbox (11.50096pt too wide) in paragraph at lines 2419--2420
[][][][][][][][][][] 
 []


Overfull \hbox (11.50096pt too wide) in paragraph at lines 2421--2422
[][][][][][][][][][] 
 []


Overfull \hbox (24.64107pt too wide) in paragraph at lines 2422--2424
[][][][][][][] 
 []


Overfull \hbox (4.93091pt too wide) in paragraph at lines 2426--2427
[][][][][][][][][] 
 []

[226]
Overfull \hbox (11.50096pt too wide) in paragraph at lines 2434--2435
[][][][][][][][][][] 
 []


Overfull \hbox (50.92128pt too wide) in paragraph at lines 2436--2437
[][][][][][][][][][] 
 []


Overfull \hbox (18.07101pt too wide) in paragraph at lines 2445--2446
[][][][][][][][][][] 
 []


Overfull \hbox (4.93091pt too wide) in paragraph at lines 2454--2455
[][][][][][][][][][] 
 []

[227] [228] [229]
Overfull \hbox (11.50096pt too wide) in paragraph at lines 2532--2533
[][][][][][][][][][][][][][][] 
 []


Overfull \hbox (11.50096pt too wide) in paragraph at lines 2537--2538
[][][][][][][][] 
 []


Overfull \hbox (11.50096pt too wide) in paragraph at lines 2540--2541
[][][][][][][][][][][][][] 
 []

[230] [231] [232] [233] [234] [235] [236] [237] [238] [239] [240] [241]
[242] [243]
Overfull \hbox (4.93091pt too wide) in paragraph at lines 2887--2889
[][][][][][][][][][][][][][][][][][][][][][][][][] 
 []

[244]
Overfull \hbox (11.50096pt too wide) in paragraph at lines 2916--2917
[][][][][][][][][][][][][][][][][][][] 
 []


Overfull \hbox (4.93091pt too wide) in paragraph at lines 2927--2929
[][][][][][][][][][][][] 
 []


Overfull \hbox (11.50096pt too wide) in paragraph at lines 2930--2931
[][][][][][][][][][][][][][][][][][] 
 []

[245] [246] [247] [248] [249] [250]
Overfull \hbox (4.93091pt too wide) in paragraph at lines 3086--3087
[][][][][][][][][][][][][][][][][] 
 []

[251]
Overfull \hbox (11.50096pt too wide) in paragraph at lines 3115--3116
[][][][][][][][][][][][] 
 []


Overfull \hbox (11.50096pt too wide) in paragraph at lines 3120--3121
[][][][][][][][][][] 
 []


Overfull \hbox (4.93091pt too wide) in paragraph at lines 3123--3124
[][][][][][][][][][][][][][][] 
 []

[252]
Overfull \hbox (24.64107pt too wide) in paragraph at lines 3127--3128
[][][][][][][][][][][][][][][] 
 []


Overfull \hbox (4.93091pt too wide) in paragraph at lines 3142--3143
[][][][][][][][][][][][][][][] 
 []

[253] [254]
Overfull \hbox (4.93091pt too wide) in paragraph at lines 3194--3195
[][][][][][][][][][][][][][] 
 []


Overfull \hbox (11.50096pt too wide) in paragraph at lines 3201--3202
[][][][][][][][][][][][][][][][][] 
 []

[255] [256] [257] [258] [259] [260] [261] [262] [263] [264] [265]
Overfull \hbox (4.93091pt too wide) in paragraph at lines 3463--3464
[][][][][][][][][][][][][][][][][] 
 []

) [266] (/Users/edf/Repositories/Dissertation/.texpadtmp/dissertation.bbl
[267



] [268] [269] [270] [271] [272]) [273]
\openout2 = `endmatter/colophon.aux'.

 (./endmatter/colophon.tex
File: endmatter/colophon.png Graphic file (type QTm)

<use  "endmatter/colophon.png" >
Underfull \hbox (badness 10000) in paragraph at lines 14--14
[][] \EU1/EBGaramond(3)/bx/n/12 condemned
 []


Underfull \hbox (badness 10000) in paragraph at lines 14--14
\EU1/EBGaramond(3)/bx/n/12 to live in an eternally fleeting
 []


Underfull \hbox (badness 10000) in paragraph at lines 14--14
\EU1/EBGaramond(3)/bx/n/12 present, have created the most
 []


Underfull \hbox (badness 10000) in paragraph at lines 14--14
\EU1/EBGaramond(3)/bx/n/12 elaborate of human constructions, mem-
 []


Underfull \hbox (badness 10000) in paragraph at lines 14--14
\EU1/EBGaramond(3)/bx/n/12 ory, to buffer ourselves against the in-
 []


Underfull \hbox (badness 10000) in paragraph at lines 14--14
\EU1/EBGaramond(3)/bx/n/12 tolerable knowledge of the irreversible
 []


Underfull \hbox (badness 10000) in paragraph at lines 14--14
\EU1/EBGaramond(3)/bx/n/12 passage of time and the irretrieveability of
 []

) [274

]

Package natbib Warning: There were undefined citations.

Package atveryend Info: Empty hook `BeforeClearDocument' on input line 43.
Package atveryend Info: Empty hook `AfterLastShipout' on input line 43.
(/Users/edf/Repositories/Dissertation/.texpadtmp/dissertation.aux
(/Users/edf/Repositories/Dissertation/.texpadtmp/chapters/introduction.aux)
(/Users/edf/Repositories/Dissertation/.texpadtmp/chapters/chapter1.aux)
(/Users/edf/Repositories/Dissertation/.texpadtmp/chapters/chapter2.aux)
(/Users/edf/Repositories/Dissertation/.texpadtmp/chapters/chapter3.aux)
(/Users/edf/Repositories/Dissertation/.texpadtmp/chapters/chapter4.aux)
(/Users/edf/Repositories/Dissertation/.texpadtmp/chapters/appendixA.aux)
(/Users/edf/Repositories/Dissertation/.texpadtmp/endmatter/colophon.aux))
Package atveryend Info: Empty hook `AtVeryEndDocument' on input line 43.
Package atveryend Info: Empty hook `AtEndAfterFileList' on input line 43.


LaTeX Font Warning: Some font shapes were not available, defaults substituted.


LaTeX Warning: There were undefined references.


LaTeX Warning: There were multiply-defined labels.

Package atveryend Info: Empty hook `AtVeryVeryEnd' on input line 43.
 ) 
Here is how much of TeX's memory you used:
 28785 strings out of 493706
 521051 string characters out of 6145769
 605588 words of memory out of 5000000
 31607 multiletter control sequences out of 15000+600000
 15783 words of font info for 115 fonts, out of 8000000 for 9000
 1328 hyphenation exceptions out of 8191
 60i,11n,107p,10485b,1839s stack positions out of 5000i,500n,10000p,200000b,80000s

Output written on /Users/edf/Repositories/Dissertation/.texpadtmp/dissertation.
pdf (289 pages).
