\BOOKMARK [0][-]{chapter.0}{Introduction}{}% 1
\BOOKMARK [1][-]{section.0.1}{Research\040Objectives}{chapter.0}% 2
\BOOKMARK [1][-]{section.0.2}{The\040Energy-Water\040Nexus}{chapter.0}% 3
\BOOKMARK [1][-]{section.0.3}{Water\040Distribution\040Systems}{chapter.0}% 4
\BOOKMARK [1][-]{section.0.4}{Wastewater\040Treatment}{chapter.0}% 5
\BOOKMARK [1][-]{section.0.5}{Wastewater\040Recycling\040and\040Reuse}{chapter.0}% 6
\BOOKMARK [1][-]{section.0.6}{The\040Energy-Water\040Feedback\040Loop}{chapter.0}% 7
\BOOKMARK [0][-]{chapter.1}{Selecting\040Suitable\040Sites}{}% 8
\BOOKMARK [1][-]{section.1.1}{Selecting\040Suitable\040Sites\040for\040Artificial\040Groundwater\040Recharge\040Basins}{chapter.1}% 9
\BOOKMARK [1][-]{section.1.2}{Multi-Criteria\040Site\040Suitability\040Analyses}{chapter.1}% 10
\BOOKMARK [1][-]{section.1.3}{The\040MCSS\040Data\040Preprocessing\040Workflow}{chapter.1}% 11
\BOOKMARK [1][-]{section.1.4}{The\040MCSS\040Computational\040Workflow}{chapter.1}% 12
\BOOKMARK [1][-]{section.1.5}{The\040Software\040Toolset\040Repository\040Architecture}{chapter.1}% 13
\BOOKMARK [1][-]{section.1.6}{An\040Example\040Implementation}{chapter.1}% 14
\BOOKMARK [1][-]{section.1.7}{The\040Geographic\040Unit\040of\040Analysis}{chapter.1}% 15
\BOOKMARK [1][-]{section.1.8}{Graphical\040User\040Interface}{chapter.1}% 16
\BOOKMARK [1][-]{section.1.9}{The\040WOSS\040Model\040Outputs}{chapter.1}% 17
\BOOKMARK [0][-]{chapter.2}{Locating\040Optimal\040Corridors}{}% 18
\BOOKMARK [1][-]{section.2.1}{Locating\040Optimal\040Corridors\040for\040Water\040Distribution\040Infrastructure}{chapter.2}% 19
\BOOKMARK [1][-]{section.2.2}{The\040Multi-Objective\040Corridor\040Location\040Problem}{chapter.2}% 20
\BOOKMARK [1][-]{section.2.3}{Genetic\040Algorithms}{chapter.2}% 21
\BOOKMARK [1][-]{section.2.4}{The\040MOGADOR\040Algorithm}{chapter.2}% 22
\BOOKMARK [1][-]{section.2.5}{The\040MOGADOR\040Data\040Structure}{chapter.2}% 23
\BOOKMARK [1][-]{section.2.6}{Initializing\040the\040MOGADOR\040Algorithm}{chapter.2}% 24
\BOOKMARK [1][-]{section.2.7}{An\040Example\040Pseudo-Random\040Walk}{chapter.2}% 25
\BOOKMARK [1][-]{section.2.8}{Initializing\040Problems\040with\040Large\040Decisions\040Spaces}{chapter.2}% 26
\BOOKMARK [1][-]{section.2.9}{Initializing\040Problems\040with\040Concave\040Decision\040Spaces}{chapter.2}% 27
\BOOKMARK [1][-]{section.2.10}{Measuring\040Initialization\040Performance}{chapter.2}% 28
\BOOKMARK [1][-]{section.2.11}{The\040MOGADOR\040Algorithm\040Outputs}{chapter.2}% 29
\BOOKMARK [0][-]{chapter.3}{Quantifying\040Life-Cycle\040Energy-Water\040Resource\040Utilization}{}% 30
\BOOKMARK [1][-]{section.3.1}{Quantifying\040Life-Cycle\040Energy-Water\040Resource\040Usage\040Efficiency}{chapter.3}% 31
\BOOKMARK [1][-]{section.3.2}{Life\040Cycle\040Assessment\040and\040Inventory\040Modeling}{chapter.3}% 32
\BOOKMARK [1][-]{section.3.3}{Wastewater\040Treatment\040Processes}{chapter.3}% 33
\BOOKMARK [1][-]{section.3.4}{Water\040Distribution\040Infrastructure}{chapter.3}% 34
\BOOKMARK [1][-]{section.3.5}{WWEST\040Recycled\040Water\040Reuse\040Life\040Cycle\040Inventory\040Model}{chapter.3}% 35
\BOOKMARK [1][-]{section.3.6}{Parameterizing\040Pump\040Energy\040Requirements}{chapter.3}% 36
\BOOKMARK [1][-]{section.3.7}{Parameterizing\040Construction\040Material\040Requirements}{chapter.3}% 37
\BOOKMARK [1][-]{section.3.8}{Parameterizing\040Chemical\040Consumption\040Rates}{chapter.3}% 38
\BOOKMARK [1][-]{section.3.9}{Estimating\040Net\040Water\040Usage\040Efficiency}{chapter.3}% 39
\BOOKMARK [1][-]{section.3.10}{The\040WWEST\040Model\040Outputs}{chapter.3}% 40
\BOOKMARK [0][-]{chapter.4}{Case\040Study\040Results}{}% 41
\BOOKMARK [1][-]{section.4.1}{Santa\040Barbara\040Region}{chapter.4}% 42
\BOOKMARK [1][-]{section.4.2}{Oxnard\040Region}{chapter.4}% 43
\BOOKMARK [1][-]{section.4.3}{San\040Diego\040Region}{chapter.4}% 44
\BOOKMARK [1][-]{section.4.4}{Santa Ana – San Bernadino Region}{chapter.4}% 45
\BOOKMARK [1][-]{section.4.5}{Fresno – Tulare Region}{chapter.4}% 46
\BOOKMARK [1][-]{section.4.6}{Evaluating\040the\040MOGADOR\040Algorithm's\040Runtime\040Performance}{chapter.4}% 47
\BOOKMARK [1][-]{section.4.7}{Evaluating\040the\040MOGADOR\040Algorithm's\040Solution\040Quality}{chapter.4}% 48
\BOOKMARK [1][-]{section.4.8}{Evaluating\040the\040MOGADOR\040Algorithm's\040Solution\040Elevation\040Profiles}{chapter.4}% 49
\BOOKMARK [1][-]{section.4.9}{Evaluating\040the\040Life-Cycle\040Water-Energy\040Usage\040Efficiencies\040of\040Proposed\040Reuse\040Systems}{chapter.4}% 50
\BOOKMARK [0][-]{Appendix.1.A}{Appendix\040}{}% 51
\BOOKMARK [0][-]{chapter*.98}{References}{}% 52
